<?xml version="1.0" encoding="UTF-8"?><unload unload_date="2018-11-21 02:26:54">
<sys_remote_update_set action="INSERT_OR_UPDATE">
<application display_value="test">d1f26e6fdb012300236c2a9a489619ae</application>
<application_name>test</application_name>
<application_scope>x_149971_test</application_scope>
<application_version>1.0.0</application_version>
<collisions/>
<commit_date/>
<deleted/>
<description/>
<inserted/>
<name>Custom test update set</name>
<origin_sys_id/>
<parent display_value=""/>
<release_date/>
<remote_base_update_set display_value=""/>
<remote_parent_id/>
<remote_sys_id>1d53e6afdb012300236c2a9a489619b3</remote_sys_id>
<state>in_hierarchy</state>
<summary/>
<sys_class_name>sys_remote_update_set</sys_class_name>
<sys_created_by>admin</sys_created_by>
<sys_created_on>2018-11-21 02:26:53</sys_created_on>
<sys_id>5dfdc997db312300236c2a9a489619b6</sys_id>
<sys_mod_count>0</sys_mod_count>
<sys_updated_by>admin</sys_updated_by>
<sys_updated_on>2018-11-21 02:26:53</sys_updated_on>
<update_set display_value=""/>
<update_source display_value=""/>
<updated/>
</sys_remote_update_set>
<sys_update_xml action="INSERT_OR_UPDATE">
<action>INSERT_OR_UPDATE</action>
<application display_value="test">d1f26e6fdb012300236c2a9a489619ae</application>
<category>customer</category>
<comments/>
<name>sys_scope_privilege_ba22353edb912300236c2a9a4896195f</name>
<payload><![CDATA[<?xml version="1.0" encoding="UTF-8"?><record_update table="sys_scope_privilege"><sys_scope_privilege action="INSERT_OR_UPDATE"><operation>execute</operation><source_scope display_value="test">d1f26e6fdb012300236c2a9a489619ae</source_scope><status>allowed</status><sys_class_name>sys_scope_privilege</sys_class_name><sys_created_by>admin</sys_created_by><sys_created_on>2018-10-25 19:16:44</sys_created_on><sys_id>ba22353edb912300236c2a9a4896195f</sys_id><sys_mod_count>0</sys_mod_count><sys_name>ScriptableGlideEvaluator.evaluateScript</sys_name><sys_package display_value="test" source="x_149971_test">d1f26e6fdb012300236c2a9a489619ae</sys_package><sys_policy/><sys_scope display_value="test">d1f26e6fdb012300236c2a9a489619ae</sys_scope><sys_update_name>sys_scope_privilege_ba22353edb912300236c2a9a4896195f</sys_update_name><sys_updated_by>admin</sys_updated_by><sys_updated_on>2018-10-25 19:16:44</sys_updated_on><target_name>ScriptableGlideEvaluator.evaluateScript</target_name><target_scope display_value="Global">global</target_scope><target_type>scriptable</target_type></sys_scope_privilege></record_update>]]></payload>
<payload_hash>606701423</payload_hash>
<remote_update_set display_value="Custom test update set">5dfdc997db312300236c2a9a489619b6</remote_update_set>
<replace_on_upgrade>false</replace_on_upgrade>
<sys_created_by>admin</sys_created_by>
<sys_created_on>2018-11-21 02:26:53</sys_created_on>
<sys_id>11fdc997db312300236c2a9a489619ba</sys_id>
<sys_mod_count>0</sys_mod_count>
<sys_recorded_at>166aca8523a0000001</sys_recorded_at>
<sys_updated_by>admin</sys_updated_by>
<sys_updated_on>2018-11-21 02:26:53</sys_updated_on>
<table/>
<target_name>ScriptableGlideEvaluator.evaluateScript</target_name>
<type>Cross scope privilege</type>
<update_domain>global</update_domain>
<update_guid>7622353e999123003d478fdd2c619660</update_guid>
<update_guid_history>7622353e999123003d478fdd2c619660:606701423</update_guid_history>
<update_set display_value=""/>
<view/>
</sys_update_xml>
<sys_update_xml action="INSERT_OR_UPDATE">
<action>INSERT_OR_UPDATE</action>
<application display_value="test">d1f26e6fdb012300236c2a9a489619ae</application>
<category>customer</category>
<comments/>
<name>sys_ws_definition_e3e2457edb112300236c2a9a4896196a</name>
<payload><![CDATA[<?xml version="1.0" encoding="UTF-8"?><record_update table="sys_ws_definition"><sys_ws_definition action="INSERT_OR_UPDATE"><active>true</active><base_uri>/api/x_149971_test/synow</base_uri><consumes>application/json,application/xml,text/xml</consumes><consumes_customized>false</consumes_customized><default_version>No active default version</default_version><doc_link/><enforce_acl>cf9d01d3e73003009d6247e603f6a990</enforce_acl><is_versioned>false</is_versioned><name>synow</name><namespace>x_149971_test</namespace><produces>application/json,application/xml,text/xml</produces><produces_customized>false</produces_customized><service_id>synow</service_id><short_description/><sys_class_name>sys_ws_definition</sys_class_name><sys_created_by>admin</sys_created_by><sys_created_on>2018-10-25 15:50:30</sys_created_on><sys_id>e3e2457edb112300236c2a9a4896196a</sys_id><sys_mod_count>0</sys_mod_count><sys_name>synow</sys_name><sys_package display_value="test" source="x_149971_test">d1f26e6fdb012300236c2a9a489619ae</sys_package><sys_policy/><sys_scope display_value="test">d1f26e6fdb012300236c2a9a489619ae</sys_scope><sys_update_name>sys_ws_definition_e3e2457edb112300236c2a9a4896196a</sys_update_name><sys_updated_by>admin</sys_updated_by><sys_updated_on>2018-10-25 15:50:30</sys_updated_on></sys_ws_definition></record_update>]]></payload>
<payload_hash>-1025925572</payload_hash>
<remote_update_set display_value="Custom test update set">5dfdc997db312300236c2a9a489619b6</remote_update_set>
<replace_on_upgrade>false</replace_on_upgrade>
<sys_created_by>admin</sys_created_by>
<sys_created_on>2018-11-21 02:26:53</sys_created_on>
<sys_id>11fdc997db312300236c2a9a489619bd</sys_id>
<sys_mod_count>0</sys_mod_count>
<sys_recorded_at>166abeb83190000001</sys_recorded_at>
<sys_updated_by>admin</sys_updated_by>
<sys_updated_on>2018-11-21 02:26:53</sys_updated_on>
<table/>
<target_name>synow</target_name>
<type>Scripted REST API</type>
<update_domain>global</update_domain>
<update_guid>b1f289faab11230098b139c41b89e4a3</update_guid>
<update_guid_history>b1f289faab11230098b139c41b89e4a3:-1025925572</update_guid_history>
<update_set display_value=""/>
<view/>
</sys_update_xml>
<sys_update_xml action="INSERT_OR_UPDATE">
<action>INSERT_OR_UPDATE</action>
<application display_value="test">d1f26e6fdb012300236c2a9a489619ae</application>
<category>customer</category>
<comments/>
<name>sys_db_object_2d81bdfadb912300236c2a9a489619f2</name>
<payload><![CDATA[<?xml version="1.0" encoding="UTF-8"?><record_update table="sys_db_object"><sys_db_object action="INSERT_OR_UPDATE"><access>public</access><actions_access>false</actions_access><alter_access>false</alter_access><caller_access/><client_scripts_access>false</client_scripts_access><configuration_access>false</configuration_access><create_access>false</create_access><create_access_controls>true</create_access_controls><delete_access>false</delete_access><extension_model/><is_extendable>false</is_extendable><label>ScriptEvaluator</label><live_feed_enabled>false</live_feed_enabled><name>x_149971_test_scriptevaluator</name><number_ref/><provider_class/><read_access>true</read_access><super_class/><sys_class_code/><sys_class_name>sys_db_object</sys_class_name><sys_class_path/><sys_created_by>admin</sys_created_by><sys_created_on>2018-10-25 19:14:38</sys_created_on><sys_id>2d81bdfadb912300236c2a9a489619f2</sys_id><sys_mod_count>0</sys_mod_count><sys_name>ScriptEvaluator</sys_name><sys_package display_value="test" source="x_149971_test">d1f26e6fdb012300236c2a9a489619ae</sys_package><sys_policy/><sys_scope display_value="test">d1f26e6fdb012300236c2a9a489619ae</sys_scope><sys_update_name>sys_db_object_2d81bdfadb912300236c2a9a489619f2</sys_update_name><sys_updated_by>admin</sys_updated_by><sys_updated_on>2018-10-25 19:14:38</sys_updated_on><update_access>false</update_access><user_role display_value="x_149971_test.scriptevaluator_user" name="x_149971_test.scriptevaluator_user">08b1f57edb112300236c2a9a489619b3</user_role><ws_access>true</ws_access></sys_db_object></record_update>]]></payload>
<payload_hash>-418026861</payload_hash>
<remote_update_set display_value="Custom test update set">5dfdc997db312300236c2a9a489619b6</remote_update_set>
<replace_on_upgrade>false</replace_on_upgrade>
<sys_created_by>admin</sys_created_by>
<sys_created_on>2018-11-21 02:26:53</sys_created_on>
<sys_id>15fdc997db312300236c2a9a489619b7</sys_id>
<sys_mod_count>0</sys_mod_count>
<sys_recorded_at>166aca66a170000001</sys_recorded_at>
<sys_updated_by>admin</sys_updated_by>
<sys_updated_on>2018-11-21 02:26:53</sys_updated_on>
<table>x_149971_test_scriptevaluator</table>
<target_name>ScriptEvaluator</target_name>
<type>Table</type>
<update_domain>global</update_domain>
<update_guid>d4b1313ed3912300a05d304c11b110fa</update_guid>
<update_guid_history>d4b1313ed3912300a05d304c11b110fa:-418026861</update_guid_history>
<update_set display_value=""/>
<view/>
</sys_update_xml>
<sys_update_xml action="INSERT_OR_UPDATE">
<action>INSERT_OR_UPDATE</action>
<application display_value="test">d1f26e6fdb012300236c2a9a489619ae</application>
<category>customer</category>
<comments/>
<name>sys_scope_privilege_7222353edb912300236c2a9a4896195e</name>
<payload><![CDATA[<?xml version="1.0" encoding="UTF-8"?><record_update table="sys_scope_privilege"><sys_scope_privilege action="INSERT_OR_UPDATE"><operation>execute</operation><source_scope display_value="test">d1f26e6fdb012300236c2a9a489619ae</source_scope><status>allowed</status><sys_class_name>sys_scope_privilege</sys_class_name><sys_created_by>admin</sys_created_by><sys_created_on>2018-10-25 19:16:44</sys_created_on><sys_id>7222353edb912300236c2a9a4896195e</sys_id><sys_mod_count>0</sys_mod_count><sys_name>GlideRecord.setValue</sys_name><sys_package display_value="test" source="x_149971_test">d1f26e6fdb012300236c2a9a489619ae</sys_package><sys_policy/><sys_scope display_value="test">d1f26e6fdb012300236c2a9a489619ae</sys_scope><sys_update_name>sys_scope_privilege_7222353edb912300236c2a9a4896195e</sys_update_name><sys_updated_by>admin</sys_updated_by><sys_updated_on>2018-10-25 19:16:44</sys_updated_on><target_name>GlideRecord.setValue</target_name><target_scope display_value="Global">global</target_scope><target_type>scriptable</target_type></sys_scope_privilege></record_update>]]></payload>
<payload_hash>1645770465</payload_hash>
<remote_update_set display_value="Custom test update set">5dfdc997db312300236c2a9a489619b6</remote_update_set>
<replace_on_upgrade>false</replace_on_upgrade>
<sys_created_by>admin</sys_created_by>
<sys_created_on>2018-11-21 02:26:53</sys_created_on>
<sys_id>15fdc997db312300236c2a9a489619b9</sys_id>
<sys_mod_count>0</sys_mod_count>
<sys_recorded_at>166aca852280000001</sys_recorded_at>
<sys_updated_by>admin</sys_updated_by>
<sys_updated_on>2018-11-21 02:26:53</sys_updated_on>
<table/>
<target_name>GlideRecord.setValue</target_name>
<type>Cross scope privilege</type>
<update_domain>global</update_domain>
<update_guid>fe22353e72912300ef24201747f4055e</update_guid>
<update_guid_history>fe22353e72912300ef24201747f4055e:1645770465</update_guid_history>
<update_set display_value=""/>
<view/>
</sys_update_xml>
<sys_update_xml action="INSERT_OR_UPDATE">
<action>INSERT_OR_UPDATE</action>
<application display_value="test">d1f26e6fdb012300236c2a9a489619ae</application>
<category>customer</category>
<comments/>
<name>sys_ui_section_9c5571bedb912300236c2a9a489619ce</name>
<payload><![CDATA[<?xml version="1.0" encoding="UTF-8"?><record_update><sys_ui_section caption="" section_id="9c5571bedb912300236c2a9a489619ce" sys_domain="global" table="x_149971_test_scriptevaluator" version="3" view=""><sys_ui_element action="INSERT_OR_UPDATE"><element>script</element><position>0</position><sys_created_by>admin</sys_created_by><sys_created_on>2018-10-25 19:30:30</sys_created_on><sys_id>a45571bedb912300236c2a9a489619d5</sys_id><sys_mod_count>0</sys_mod_count><sys_ui_formatter/><sys_ui_section caption="NULL" display_value="" name="x_149971_test_scriptevaluator" sys_domain="global" view="Default view">9c5571bedb912300236c2a9a489619ce</sys_ui_section><sys_updated_by>admin</sys_updated_by><sys_updated_on>2018-10-25 19:30:30</sys_updated_on><sys_user/><type/></sys_ui_element><sys_ui_section action="INSERT_OR_UPDATE"><caption/><header>false</header><name>x_149971_test_scriptevaluator</name><roles/><sys_class_name>sys_ui_section</sys_class_name><sys_created_by>admin</sys_created_by><sys_created_on>2018-10-25 19:30:30</sys_created_on><sys_domain>global</sys_domain><sys_domain_path>/</sys_domain_path><sys_id>9c5571bedb912300236c2a9a489619ce</sys_id><sys_mod_count>0</sys_mod_count><sys_name>x_149971_test_scriptevaluator</sys_name><sys_overrides/><sys_package display_value="test" source="x_149971_test">d1f26e6fdb012300236c2a9a489619ae</sys_package><sys_policy/><sys_scope display_value="test">d1f26e6fdb012300236c2a9a489619ae</sys_scope><sys_update_name>sys_ui_section_9c5571bedb912300236c2a9a489619ce</sys_update_name><sys_updated_by>admin</sys_updated_by><sys_updated_on>2018-10-25 19:30:30</sys_updated_on><sys_user/><title>true</title><view display_value="Default view" name="NULL">Default view</view><view_name/></sys_ui_section></sys_ui_section></record_update>]]></payload>
<payload_hash>683229486</payload_hash>
<remote_update_set display_value="Custom test update set">5dfdc997db312300236c2a9a489619b6</remote_update_set>
<replace_on_upgrade>false</replace_on_upgrade>
<sys_created_by>admin</sys_created_by>
<sys_created_on>2018-11-21 02:26:53</sys_created_on>
<sys_id>15fdc997db312300236c2a9a489619bc</sys_id>
<sys_mod_count>0</sys_mod_count>
<sys_recorded_at>166acb4ed330000001</sys_recorded_at>
<sys_updated_by>admin</sys_updated_by>
<sys_updated_on>2018-11-21 02:26:53</sys_updated_on>
<table>x_149971_test_scriptevaluator</table>
<target_name>ScriptEvaluator</target_name>
<type>Form Layout</type>
<update_domain>global</update_domain>
<update_guid>a85571be4d9123000335c4ed04567fd6</update_guid>
<update_guid_history>a85571be4d9123000335c4ed04567fd6:683229486,585571bea89123004004d9cb4f3b86d1:1772333801</update_guid_history>
<update_set display_value=""/>
<view/>
</sys_update_xml>
<sys_update_xml action="INSERT_OR_UPDATE">
<action>INSERT_OR_UPDATE</action>
<application display_value="test">d1f26e6fdb012300236c2a9a489619ae</application>
<category>customer</category>
<comments/>
<name>sys_scope_privilege_1e59f1b2dbd12300236c2a9a489619c3</name>
<payload><![CDATA[<?xml version="1.0" encoding="UTF-8"?><record_update table="sys_scope_privilege"><sys_scope_privilege action="INSERT_OR_UPDATE"><operation>read</operation><source_scope display_value="test">d1f26e6fdb012300236c2a9a489619ae</source_scope><status>allowed</status><sys_class_name>sys_scope_privilege</sys_class_name><sys_created_by>admin</sys_created_by><sys_created_on>2018-10-25 19:48:06</sys_created_on><sys_id>1e59f1b2dbd12300236c2a9a489619c3</sys_id><sys_mod_count>0</sys_mod_count><sys_name>sys_user</sys_name><sys_package display_value="test" source="x_149971_test">d1f26e6fdb012300236c2a9a489619ae</sys_package><sys_policy/><sys_scope display_value="test">d1f26e6fdb012300236c2a9a489619ae</sys_scope><sys_update_name>sys_scope_privilege_1e59f1b2dbd12300236c2a9a489619c3</sys_update_name><sys_updated_by>admin</sys_updated_by><sys_updated_on>2018-10-25 19:48:06</sys_updated_on><target_name>sys_user</target_name><target_scope display_value="Global">global</target_scope><target_type>sys_db_object</target_type></sys_scope_privilege></record_update>]]></payload>
<payload_hash>1298976465</payload_hash>
<remote_update_set display_value="Custom test update set">5dfdc997db312300236c2a9a489619b6</remote_update_set>
<replace_on_upgrade>false</replace_on_upgrade>
<sys_created_by>admin</sys_created_by>
<sys_created_on>2018-11-21 02:26:53</sys_created_on>
<sys_id>19fdc997db312300236c2a9a489619b8</sys_id>
<sys_mod_count>0</sys_mod_count>
<sys_recorded_at>166acc50a900000001</sys_recorded_at>
<sys_updated_by>admin</sys_updated_by>
<sys_updated_on>2018-11-21 02:26:53</sys_updated_on>
<table/>
<target_name>sys_user</target_name>
<type>Cross scope privilege</type>
<update_domain>global</update_domain>
<update_guid>9a59f1b290d123006525b7f35ee65ac4</update_guid>
<update_guid_history>9a59f1b290d123006525b7f35ee65ac4:1298976465</update_guid_history>
<update_set display_value=""/>
<view/>
</sys_update_xml>
<sys_update_xml action="INSERT_OR_UPDATE">
<action>INSERT_OR_UPDATE</action>
<application display_value="test">d1f26e6fdb012300236c2a9a489619ae</application>
<category>customer</category>
<comments/>
<name>sys_security_acl_role_c0b1313edb912300236c2a9a489619c8</name>
<payload><![CDATA[<?xml version="1.0" encoding="UTF-8"?><record_update table="sys_security_acl_role"><sys_security_acl_role action="INSERT_OR_UPDATE"><sys_class_name>sys_security_acl_role</sys_class_name><sys_created_by>admin</sys_created_by><sys_created_on>2018-10-25 19:14:38</sys_created_on><sys_id>c0b1313edb912300236c2a9a489619c8</sys_id><sys_mod_count>0</sys_mod_count><sys_name>x_149971_test_scriptevaluator.x_149971_test.scriptevaluator_user</sys_name><sys_package display_value="test" source="x_149971_test">d1f26e6fdb012300236c2a9a489619ae</sys_package><sys_policy/><sys_scope display_value="test">d1f26e6fdb012300236c2a9a489619ae</sys_scope><sys_security_acl display_value="x_149971_test_scriptevaluator">88b1313edb912300236c2a9a489619c5</sys_security_acl><sys_update_name>sys_security_acl_role_c0b1313edb912300236c2a9a489619c8</sys_update_name><sys_updated_by>admin</sys_updated_by><sys_updated_on>2018-10-25 19:14:38</sys_updated_on><sys_user_role display_value="x_149971_test.scriptevaluator_user" name="x_149971_test.scriptevaluator_user">08b1f57edb112300236c2a9a489619b3</sys_user_role><transaction_id/></sys_security_acl_role></record_update>]]></payload>
<payload_hash>774233789</payload_hash>
<remote_update_set display_value="Custom test update set">5dfdc997db312300236c2a9a489619b6</remote_update_set>
<replace_on_upgrade>false</replace_on_upgrade>
<sys_created_by>admin</sys_created_by>
<sys_created_on>2018-11-21 02:26:53</sys_created_on>
<sys_id>19fdc997db312300236c2a9a489619bb</sys_id>
<sys_mod_count>0</sys_mod_count>
<sys_recorded_at>166aca667730000001</sys_recorded_at>
<sys_updated_by>admin</sys_updated_by>
<sys_updated_on>2018-11-21 02:26:53</sys_updated_on>
<table>x_149971_test_scriptevaluator</table>
<target_name>x_149971_test_scriptevaluator.x_149971_test.scriptevaluator_user</target_name>
<type>Access Roles</type>
<update_domain>global</update_domain>
<update_guid>40b1313e4791230089f2e3aaec9673ca</update_guid>
<update_guid_history>40b1313e4791230089f2e3aaec9673ca:774233789</update_guid_history>
<update_set display_value=""/>
<view/>
</sys_update_xml>
<sys_update_xml action="INSERT_OR_UPDATE">
<action>INSERT_OR_UPDATE</action>
<application display_value="test">d1f26e6fdb012300236c2a9a489619ae</application>
<category>customer</category>
<comments/>
<name>sys_dictionary_x_149971_test_scriptevaluator_null</name>
<payload>&lt;?xml version="1.0" encoding="UTF-8"?&gt;&lt;record_update&gt;&lt;sys_dictionary action="INSERT_OR_UPDATE" element="" table="x_149971_test_scriptevaluator"&gt;&lt;active&gt;true&lt;/active&gt;&lt;array&gt;false&lt;/array&gt;&lt;array_denormalized&gt;false&lt;/array_denormalized&gt;&lt;attributes/&gt;&lt;audit&gt;false&lt;/audit&gt;&lt;calculation&gt;&lt;![CDATA[(function calculatedFieldValue(current) {

	// Add your code here
	return '';  // return the calculated value

})(current);]]&gt;&lt;/calculation&gt;&lt;choice/&gt;&lt;choice_field/&gt;&lt;choice_table/&gt;&lt;column_label/&gt;&lt;comments/&gt;&lt;create_roles/&gt;&lt;default_value/&gt;&lt;defaultsort/&gt;&lt;delete_roles/&gt;&lt;dependent/&gt;&lt;dependent_on_field/&gt;&lt;display&gt;false&lt;/display&gt;&lt;dynamic_creation&gt;false&lt;/dynamic_creation&gt;&lt;dynamic_creation_script/&gt;&lt;dynamic_default_value/&gt;&lt;dynamic_ref_qual/&gt;&lt;element/&gt;&lt;element_reference&gt;false&lt;/element_reference&gt;&lt;foreign_database/&gt;&lt;function_definition/&gt;&lt;function_field&gt;false&lt;/function_field&gt;&lt;internal_type display_value="Collection"&gt;collection&lt;/internal_type&gt;&lt;mandatory&gt;false&lt;/mandatory&gt;&lt;max_length&gt;40&lt;/max_length&gt;&lt;name&gt;x_149971_test_scriptevaluator&lt;/name&gt;&lt;next_element/&gt;&lt;primary&gt;false&lt;/primary&gt;&lt;read_only&gt;false&lt;/read_only&gt;&lt;read_roles/&gt;&lt;reference/&gt;&lt;reference_cascade_rule/&gt;&lt;reference_floats&gt;false&lt;/reference_floats&gt;&lt;reference_key/&gt;&lt;reference_qual/&gt;&lt;reference_qual_condition/&gt;&lt;reference_type/&gt;&lt;sizeclass/&gt;&lt;spell_check&gt;false&lt;/spell_check&gt;&lt;staged&gt;false&lt;/staged&gt;&lt;sys_class_name&gt;sys_dictionary&lt;/sys_class_name&gt;&lt;sys_created_by&gt;admin&lt;/sys_created_by&gt;&lt;sys_created_on&gt;2018-10-25 19:14:38&lt;/sys_created_on&gt;&lt;sys_id&gt;44b1313edb912300236c2a9a489619d5&lt;/sys_id&gt;&lt;sys_mod_count&gt;0&lt;/sys_mod_count&gt;&lt;sys_name&gt;x_149971_test_scriptevaluator&lt;/sys_name&gt;&lt;sys_package display_value="test" source="x_149971_test"&gt;d1f26e6fdb012300236c2a9a489619ae&lt;/sys_package&gt;&lt;sys_policy/&gt;&lt;sys_scope display_value="test"&gt;d1f26e6fdb012300236c2a9a489619ae&lt;/sys_scope&gt;&lt;sys_update_name&gt;sys_dictionary_x_149971_test_scriptevaluator_null&lt;/sys_update_name&gt;&lt;sys_updated_by&gt;admin&lt;/sys_updated_by&gt;&lt;sys_updated_on&gt;2018-10-25 19:14:38&lt;/sys_updated_on&gt;&lt;table_reference&gt;false&lt;/table_reference&gt;&lt;text_index&gt;false&lt;/text_index&gt;&lt;unique&gt;false&lt;/unique&gt;&lt;use_dependent_field&gt;false&lt;/use_dependent_field&gt;&lt;use_dynamic_default&gt;false&lt;/use_dynamic_default&gt;&lt;use_reference_qualifier&gt;simple&lt;/use_reference_qualifier&gt;&lt;virtual&gt;false&lt;/virtual&gt;&lt;widget/&gt;&lt;write_roles/&gt;&lt;xml_view&gt;false&lt;/xml_view&gt;&lt;/sys_dictionary&gt;&lt;/record_update&gt;</payload>
<payload_hash>795321226</payload_hash>
<remote_update_set display_value="Custom test update set">5dfdc997db312300236c2a9a489619b6</remote_update_set>
<replace_on_upgrade>false</replace_on_upgrade>
<sys_created_by>admin</sys_created_by>
<sys_created_on>2018-11-21 02:26:53</sys_created_on>
<sys_id>1dfdc997db312300236c2a9a489619b7</sys_id>
<sys_mod_count>0</sys_mod_count>
<sys_recorded_at>166aca669e30000001</sys_recorded_at>
<sys_updated_by>admin</sys_updated_by>
<sys_updated_on>2018-11-21 02:26:53</sys_updated_on>
<table>x_149971_test_scriptevaluator</table>
<target_name>ScriptEvaluator</target_name>
<type>Dictionary</type>
<update_domain>global</update_domain>
<update_guid>50b1313e8f912300d760d21aeef9c4f7</update_guid>
<update_guid_history>50b1313e8f912300d760d21aeef9c4f7:795321226</update_guid_history>
<update_set display_value=""/>
<view/>
</sys_update_xml>
<sys_update_xml action="INSERT_OR_UPDATE">
<action>INSERT_OR_UPDATE</action>
<application display_value="test">d1f26e6fdb012300236c2a9a489619ae</application>
<category>customer</category>
<comments/>
<name>sys_security_acl_00b1313edb912300236c2a9a489619b3</name>
<payload><![CDATA[<?xml version="1.0" encoding="UTF-8"?><record_update table="sys_security_acl"><sys_security_acl action="INSERT_OR_UPDATE"><active>true</active><admin_overrides>true</admin_overrides><advanced>false</advanced><condition/><description>Default access control on x_149971_test_scriptevaluator</description><name>x_149971_test_scriptevaluator</name><operation display_value="create">create</operation><script/><sys_class_name>sys_security_acl</sys_class_name><sys_created_by>admin</sys_created_by><sys_created_on>2018-10-25 19:14:38</sys_created_on><sys_id>00b1313edb912300236c2a9a489619b3</sys_id><sys_mod_count>0</sys_mod_count><sys_name>x_149971_test_scriptevaluator</sys_name><sys_package display_value="test" source="x_149971_test">d1f26e6fdb012300236c2a9a489619ae</sys_package><sys_policy/><sys_scope display_value="test">d1f26e6fdb012300236c2a9a489619ae</sys_scope><sys_update_name>sys_security_acl_00b1313edb912300236c2a9a489619b3</sys_update_name><sys_updated_by>admin</sys_updated_by><sys_updated_on>2018-10-25 19:14:38</sys_updated_on><type display_value="record">record</type></sys_security_acl></record_update>]]></payload>
<payload_hash>1934976644</payload_hash>
<remote_update_set display_value="Custom test update set">5dfdc997db312300236c2a9a489619b6</remote_update_set>
<replace_on_upgrade>false</replace_on_upgrade>
<sys_created_by>admin</sys_created_by>
<sys_created_on>2018-11-21 02:26:53</sys_created_on>
<sys_id>1dfdc997db312300236c2a9a489619ba</sys_id>
<sys_mod_count>0</sys_mod_count>
<sys_recorded_at>166aca667010000001</sys_recorded_at>
<sys_updated_by>admin</sys_updated_by>
<sys_updated_on>2018-11-21 02:26:53</sys_updated_on>
<table>x_149971_test_scriptevaluator</table>
<target_name>x_149971_test_scriptevaluator</target_name>
<type>Access Control</type>
<update_domain>global</update_domain>
<update_guid>80b1313ec89123009aad096af4c2feb5</update_guid>
<update_guid_history>80b1313ec89123009aad096af4c2feb5:1934976644</update_guid_history>
<update_set display_value=""/>
<view/>
</sys_update_xml>
<sys_update_xml action="INSERT_OR_UPDATE">
<action>INSERT_OR_UPDATE</action>
<application display_value="test">d1f26e6fdb012300236c2a9a489619ae</application>
<category>customer</category>
<comments/>
<name>ua_table_licensing_config_58b1313edb912300236c2a9a489619f4</name>
<payload><![CDATA[<?xml version="1.0" encoding="UTF-8"?><record_update table="ua_table_licensing_config"><ua_table_licensing_config action="INSERT_OR_UPDATE"><is_fulfillment>false</is_fulfillment><license_condition/><license_model>none</license_model><license_roles/><name>x_149971_test_scriptevaluator</name><op_delete>true</op_delete><op_insert>true</op_insert><op_update>true</op_update><owner_condition/><sys_class_name>ua_table_licensing_config</sys_class_name><sys_created_by>admin</sys_created_by><sys_created_on>2018-10-25 19:14:39</sys_created_on><sys_id>58b1313edb912300236c2a9a489619f4</sys_id><sys_mod_count>0</sys_mod_count><sys_name>x_149971_test_scriptevaluator</sys_name><sys_package display_value="test" source="x_149971_test">d1f26e6fdb012300236c2a9a489619ae</sys_package><sys_policy/><sys_scope display_value="test">d1f26e6fdb012300236c2a9a489619ae</sys_scope><sys_update_name>ua_table_licensing_config_58b1313edb912300236c2a9a489619f4</sys_update_name><sys_updated_by>admin</sys_updated_by><sys_updated_on>2018-10-25 19:14:39</sys_updated_on></ua_table_licensing_config></record_update>]]></payload>
<payload_hash>-654111216</payload_hash>
<remote_update_set display_value="Custom test update set">5dfdc997db312300236c2a9a489619b6</remote_update_set>
<replace_on_upgrade>false</replace_on_upgrade>
<sys_created_by>admin</sys_created_by>
<sys_created_on>2018-11-21 02:26:53</sys_created_on>
<sys_id>1dfdc997db312300236c2a9a489619bd</sys_id>
<sys_mod_count>0</sys_mod_count>
<sys_recorded_at>166aca669c20000001</sys_recorded_at>
<sys_updated_by>admin</sys_updated_by>
<sys_updated_on>2018-11-21 02:26:53</sys_updated_on>
<table/>
<target_name>x_149971_test_scriptevaluator</target_name>
<type>Table Subscription Configuration</type>
<update_domain>global</update_domain>
<update_guid>d8b1313ec6912300999b71c46c3900f5</update_guid>
<update_guid_history>d8b1313ec6912300999b71c46c3900f5:-654111216</update_guid_history>
<update_set display_value=""/>
<view/>
</sys_update_xml>
<sys_update_xml action="INSERT_OR_UPDATE">
<action>INSERT_OR_UPDATE</action>
<application display_value="test">d1f26e6fdb012300236c2a9a489619ae</application>
<category>customer</category>
<comments/>
<name>sys_scope_privilege_6344b9fadb912300236c2a9a489619c7</name>
<payload><![CDATA[<?xml version="1.0" encoding="UTF-8"?><record_update table="sys_scope_privilege"><sys_scope_privilege action="INSERT_OR_UPDATE"><operation>execute</operation><source_scope display_value="test">d1f26e6fdb012300236c2a9a489619ae</source_scope><status>allowed</status><sys_class_name>sys_scope_privilege</sys_class_name><sys_created_by>admin</sys_created_by><sys_created_on>2018-10-25 19:26:04</sys_created_on><sys_id>6344b9fadb912300236c2a9a489619c7</sys_id><sys_mod_count>0</sys_mod_count><sys_name>RESTAPIRequestBody</sys_name><sys_package display_value="test" source="x_149971_test">d1f26e6fdb012300236c2a9a489619ae</sys_package><sys_policy/><sys_scope display_value="test">d1f26e6fdb012300236c2a9a489619ae</sys_scope><sys_update_name>sys_scope_privilege_6344b9fadb912300236c2a9a489619c7</sys_update_name><sys_updated_by>admin</sys_updated_by><sys_updated_on>2018-10-25 19:26:04</sys_updated_on><target_name>RESTAPIRequestBody</target_name><target_scope display_value="Global">global</target_scope><target_type>scriptable</target_type></sys_scope_privilege></record_update>]]></payload>
<payload_hash>-1204807007</payload_hash>
<remote_update_set display_value="Custom test update set">5dfdc997db312300236c2a9a489619b6</remote_update_set>
<replace_on_upgrade>false</replace_on_upgrade>
<sys_created_by>admin</sys_created_by>
<sys_created_on>2018-11-21 02:26:53</sys_created_on>
<sys_id>51fdc997db312300236c2a9a489619b9</sys_id>
<sys_mod_count>0</sys_mod_count>
<sys_recorded_at>166acb0e03d0000001</sys_recorded_at>
<sys_updated_by>admin</sys_updated_by>
<sys_updated_on>2018-11-21 02:26:53</sys_updated_on>
<table/>
<target_name>RESTAPIRequestBody</target_name>
<type>Cross scope privilege</type>
<update_domain>global</update_domain>
<update_guid>ef44b9fa159123008630a4a658f0a9c7</update_guid>
<update_guid_history>ef44b9fa159123008630a4a658f0a9c7:-1204807007</update_guid_history>
<update_set display_value=""/>
<view/>
</sys_update_xml>
<sys_update_xml action="INSERT_OR_UPDATE">
<action>INSERT_OR_UPDATE</action>
<application display_value="test">d1f26e6fdb012300236c2a9a489619ae</application>
<category>customer</category>
<comments/>
<name>sys_security_acl_role_c8b1313edb912300236c2a9a489619d2</name>
<payload><![CDATA[<?xml version="1.0" encoding="UTF-8"?><record_update table="sys_security_acl_role"><sys_security_acl_role action="INSERT_OR_UPDATE"><sys_class_name>sys_security_acl_role</sys_class_name><sys_created_by>admin</sys_created_by><sys_created_on>2018-10-25 19:14:38</sys_created_on><sys_id>c8b1313edb912300236c2a9a489619d2</sys_id><sys_mod_count>0</sys_mod_count><sys_name>x_149971_test_scriptevaluator.x_149971_test.scriptevaluator_user</sys_name><sys_package display_value="test" source="x_149971_test">d1f26e6fdb012300236c2a9a489619ae</sys_package><sys_policy/><sys_scope display_value="test">d1f26e6fdb012300236c2a9a489619ae</sys_scope><sys_security_acl display_value="x_149971_test_scriptevaluator">80b1313edb912300236c2a9a489619d0</sys_security_acl><sys_update_name>sys_security_acl_role_c8b1313edb912300236c2a9a489619d2</sys_update_name><sys_updated_by>admin</sys_updated_by><sys_updated_on>2018-10-25 19:14:38</sys_updated_on><sys_user_role display_value="x_149971_test.scriptevaluator_user" name="x_149971_test.scriptevaluator_user">08b1f57edb112300236c2a9a489619b3</sys_user_role><transaction_id/></sys_security_acl_role></record_update>]]></payload>
<payload_hash>948957903</payload_hash>
<remote_update_set display_value="Custom test update set">5dfdc997db312300236c2a9a489619b6</remote_update_set>
<replace_on_upgrade>false</replace_on_upgrade>
<sys_created_by>admin</sys_created_by>
<sys_created_on>2018-11-21 02:26:53</sys_created_on>
<sys_id>51fdc997db312300236c2a9a489619bc</sys_id>
<sys_mod_count>0</sys_mod_count>
<sys_recorded_at>166aca667dd0000001</sys_recorded_at>
<sys_updated_by>admin</sys_updated_by>
<sys_updated_on>2018-11-21 02:26:53</sys_updated_on>
<table>x_149971_test_scriptevaluator</table>
<target_name>x_149971_test_scriptevaluator.x_149971_test.scriptevaluator_user</target_name>
<type>Access Roles</type>
<update_domain>global</update_domain>
<update_guid>48b1313e2991230006705ee8056b35d4</update_guid>
<update_guid_history>48b1313e2991230006705ee8056b35d4:948957903</update_guid_history>
<update_set display_value=""/>
<view/>
</sys_update_xml>
<sys_update_xml action="INSERT_OR_UPDATE">
<action>INSERT_OR_UPDATE</action>
<application display_value="test">d1f26e6fdb012300236c2a9a489619ae</application>
<category>customer</category>
<comments/>
<name>sys_documentation_x_149971_test_scriptevaluator__en</name>
<payload><![CDATA[<?xml version="1.0" encoding="UTF-8"?><record_update><sys_documentation element="" label="ScriptEvaluator" language="en" table="x_149971_test_scriptevaluator"><sys_documentation action="INSERT_OR_UPDATE"><element/><help/><hint/><label>ScriptEvaluator</label><language>en</language><name>x_149971_test_scriptevaluator</name><plural>ScriptEvaluators</plural><sys_class_name>sys_documentation</sys_class_name><sys_created_by>admin</sys_created_by><sys_created_on>2018-10-25 19:14:38</sys_created_on><sys_id>04b1313edb912300236c2a9a489619dc</sys_id><sys_mod_count>0</sys_mod_count><sys_name>ScriptEvaluator</sys_name><sys_package display_value="test" source="x_149971_test">d1f26e6fdb012300236c2a9a489619ae</sys_package><sys_policy/><sys_scope display_value="test">d1f26e6fdb012300236c2a9a489619ae</sys_scope><sys_update_name>sys_documentation_x_149971_test_scriptevaluator__en</sys_update_name><sys_updated_by>admin</sys_updated_by><sys_updated_on>2018-10-25 19:14:38</sys_updated_on><url/><url_target/></sys_documentation></sys_documentation></record_update>]]></payload>
<payload_hash>-1305073779</payload_hash>
<remote_update_set display_value="Custom test update set">5dfdc997db312300236c2a9a489619b6</remote_update_set>
<replace_on_upgrade>false</replace_on_upgrade>
<sys_created_by>admin</sys_created_by>
<sys_created_on>2018-11-21 02:26:53</sys_created_on>
<sys_id>55fdc997db312300236c2a9a489619b8</sys_id>
<sys_mod_count>0</sys_mod_count>
<sys_recorded_at>166aca669fa0000001</sys_recorded_at>
<sys_updated_by>admin</sys_updated_by>
<sys_updated_on>2018-11-21 02:26:53</sys_updated_on>
<table>x_149971_test_scriptevaluator</table>
<target_name>ScriptEvaluator</target_name>
<type>Field Label</type>
<update_domain>global</update_domain>
<update_guid>54b1313e729123002c39925851470af8</update_guid>
<update_guid_history>54b1313e729123002c39925851470af8:-1305073779</update_guid_history>
<update_set display_value=""/>
<view/>
</sys_update_xml>
<sys_update_xml action="INSERT_OR_UPDATE">
<action>INSERT_OR_UPDATE</action>
<application display_value="test">d1f26e6fdb012300236c2a9a489619ae</application>
<category>customer</category>
<comments/>
<name>sys_security_acl_8cb1313edb912300236c2a9a489619ca</name>
<payload><![CDATA[<?xml version="1.0" encoding="UTF-8"?><record_update table="sys_security_acl"><sys_security_acl action="INSERT_OR_UPDATE"><active>true</active><admin_overrides>true</admin_overrides><advanced>false</advanced><condition/><description>Default access control on x_149971_test_scriptevaluator</description><name>x_149971_test_scriptevaluator</name><operation display_value="write">write</operation><script/><sys_class_name>sys_security_acl</sys_class_name><sys_created_by>admin</sys_created_by><sys_created_on>2018-10-25 19:14:38</sys_created_on><sys_id>8cb1313edb912300236c2a9a489619ca</sys_id><sys_mod_count>0</sys_mod_count><sys_name>x_149971_test_scriptevaluator</sys_name><sys_package display_value="test" source="x_149971_test">d1f26e6fdb012300236c2a9a489619ae</sys_package><sys_policy/><sys_scope display_value="test">d1f26e6fdb012300236c2a9a489619ae</sys_scope><sys_update_name>sys_security_acl_8cb1313edb912300236c2a9a489619ca</sys_update_name><sys_updated_by>admin</sys_updated_by><sys_updated_on>2018-10-25 19:14:38</sys_updated_on><type display_value="record">record</type></sys_security_acl></record_update>]]></payload>
<payload_hash>1431869812</payload_hash>
<remote_update_set display_value="Custom test update set">5dfdc997db312300236c2a9a489619b6</remote_update_set>
<replace_on_upgrade>false</replace_on_upgrade>
<sys_created_by>admin</sys_created_by>
<sys_created_on>2018-11-21 02:26:53</sys_created_on>
<sys_id>55fdc997db312300236c2a9a489619bb</sys_id>
<sys_mod_count>0</sys_mod_count>
<sys_recorded_at>166aca6678f0000001</sys_recorded_at>
<sys_updated_by>admin</sys_updated_by>
<sys_updated_on>2018-11-21 02:26:53</sys_updated_on>
<table>x_149971_test_scriptevaluator</table>
<target_name>x_149971_test_scriptevaluator</target_name>
<type>Access Control</type>
<update_domain>global</update_domain>
<update_guid>88b1313e6c91230066049518f6f8f0cc</update_guid>
<update_guid_history>88b1313e6c91230066049518f6f8f0cc:1431869812</update_guid_history>
<update_set display_value=""/>
<view/>
</sys_update_xml>
<sys_update_xml action="INSERT_OR_UPDATE">
<action>INSERT_OR_UPDATE</action>
<application display_value="test">d1f26e6fdb012300236c2a9a489619ae</application>
<category>customer</category>
<comments/>
<name>sys_script_include_c5ae3c7adb112300236c2a9a489619fa</name>
<payload>&lt;?xml version="1.0" encoding="UTF-8"?&gt;&lt;record_update table="sys_script_include"&gt;&lt;sys_script_include action="INSERT_OR_UPDATE"&gt;&lt;access&gt;public&lt;/access&gt;&lt;active&gt;true&lt;/active&gt;&lt;api_name&gt;x_149971_test.HelloWorld&lt;/api_name&gt;&lt;caller_access/&gt;&lt;client_callable&gt;false&lt;/client_callable&gt;&lt;description/&gt;&lt;name&gt;HelloWorld&lt;/name&gt;&lt;script&gt;&lt;![CDATA[var HelloWorld = Class.create();
HelloWorld.prototype = Object.extendsObject(AbstractAjaxProcessor, {
   helloWorld:function() { return "Hello " + this.getParameter('sysparm_user_name') + "!"; } ,
   _privateFunction: function() { // this function is not client callable
    }
 });]]&gt;&lt;/script&gt;&lt;sys_class_name&gt;sys_script_include&lt;/sys_class_name&gt;&lt;sys_created_by&gt;admin&lt;/sys_created_by&gt;&lt;sys_created_on&gt;2018-10-25 15:31:56&lt;/sys_created_on&gt;&lt;sys_id&gt;c5ae3c7adb112300236c2a9a489619fa&lt;/sys_id&gt;&lt;sys_mod_count&gt;1&lt;/sys_mod_count&gt;&lt;sys_name&gt;HelloWorld&lt;/sys_name&gt;&lt;sys_package display_value="test" source="x_149971_test"&gt;d1f26e6fdb012300236c2a9a489619ae&lt;/sys_package&gt;&lt;sys_policy&gt;read&lt;/sys_policy&gt;&lt;sys_scope display_value="test"&gt;d1f26e6fdb012300236c2a9a489619ae&lt;/sys_scope&gt;&lt;sys_update_name&gt;sys_script_include_c5ae3c7adb112300236c2a9a489619fa&lt;/sys_update_name&gt;&lt;sys_updated_by&gt;admin&lt;/sys_updated_by&gt;&lt;sys_updated_on&gt;2018-11-21 02:19:25&lt;/sys_updated_on&gt;&lt;/sys_script_include&gt;&lt;/record_update&gt;</payload>
<payload_hash>-1423376465</payload_hash>
<remote_update_set display_value="Custom test update set">5dfdc997db312300236c2a9a489619b6</remote_update_set>
<replace_on_upgrade>false</replace_on_upgrade>
<sys_created_by>admin</sys_created_by>
<sys_created_on>2018-11-21 02:26:53</sys_created_on>
<sys_id>59fdc997db312300236c2a9a489619ba</sys_id>
<sys_mod_count>0</sys_mod_count>
<sys_recorded_at>1673410a7740000001</sys_recorded_at>
<sys_updated_by>admin</sys_updated_by>
<sys_updated_on>2018-11-21 02:26:53</sys_updated_on>
<table/>
<target_name>HelloWorld</target_name>
<type>Script Include</type>
<update_domain>global</update_domain>
<update_guid>4c4cc5535c312300c5b426a79c41a1e5</update_guid>
<update_guid_history>4c4cc5535c312300c5b426a79c41a1e5:-1423376465,71be3c7a93112300893167cc2e10ee5d:1031453305</update_guid_history>
<update_set display_value=""/>
<view/>
</sys_update_xml>
<sys_update_xml action="INSERT_OR_UPDATE">
<action>INSERT_OR_UPDATE</action>
<application display_value="test">d1f26e6fdb012300236c2a9a489619ae</application>
<category>customer</category>
<comments/>
<name>sys_ws_operation_e44e617adb912300236c2a9a48961961</name>
<payload>&lt;?xml version="1.0" encoding="UTF-8"?&gt;&lt;record_update table="sys_ws_operation"&gt;&lt;sys_ws_operation action="INSERT_OR_UPDATE"&gt;&lt;active&gt;true&lt;/active&gt;&lt;consumes&gt;application/json,application/xml,text/xml&lt;/consumes&gt;&lt;consumes_customized&gt;false&lt;/consumes_customized&gt;&lt;default_operation_uri/&gt;&lt;enforce_acl&gt;cf9d01d3e73003009d6247e603f6a990&lt;/enforce_acl&gt;&lt;http_method&gt;PUT&lt;/http_method&gt;&lt;name&gt;script&lt;/name&gt;&lt;operation_script&gt;&lt;![CDATA[(function process(/*RESTAPIRequest*/ request, /*RESTAPIResponse*/ response) {
	
	var gr = new GlideRecord("x_149971_test_scriptevaluator");
	gr.initialize();
	var requestBody = request.body.dataString;
	gr.setValue("script", requestBody);
	gr.insert();
	gs.info("Shnek: request body: " + requestBody);
	
	gr = new GlideRecord("x_149971_test_scriptevaluator"); 
	gr.addQuery("script", requestBody); 
	gr.query(); 
	var result = "None";
	if(gr.next()){ 
		gs.info("I'm in"); 
		gs.info(gr.sys_id); 
		var gse = new GlideScopedEvaluator(); 
		result = gse.evaluateScript(gr, "script", {}); 
		gs.info("Shnek: " + result); 
	}
	//response.setBody(result);
	return result;
})(request, response);]]&gt;&lt;/operation_script&gt;&lt;operation_uri&gt;/api/x_149971_test/synow&lt;/operation_uri&gt;&lt;produces&gt;application/json,application/xml,text/xml&lt;/produces&gt;&lt;produces_customized&gt;false&lt;/produces_customized&gt;&lt;relative_path&gt;/&lt;/relative_path&gt;&lt;request_example/&gt;&lt;requires_acl_authorization&gt;false&lt;/requires_acl_authorization&gt;&lt;requires_authentication&gt;true&lt;/requires_authentication&gt;&lt;requires_snc_internal_role&gt;true&lt;/requires_snc_internal_role&gt;&lt;short_description/&gt;&lt;sys_class_name&gt;sys_ws_operation&lt;/sys_class_name&gt;&lt;sys_created_by&gt;admin&lt;/sys_created_by&gt;&lt;sys_created_on&gt;2018-10-25 19:08:59&lt;/sys_created_on&gt;&lt;sys_id&gt;e44e617adb912300236c2a9a48961961&lt;/sys_id&gt;&lt;sys_mod_count&gt;22&lt;/sys_mod_count&gt;&lt;sys_name&gt;script&lt;/sys_name&gt;&lt;sys_package display_value="test" source="x_149971_test"&gt;d1f26e6fdb012300236c2a9a489619ae&lt;/sys_package&gt;&lt;sys_policy/&gt;&lt;sys_scope display_value="test"&gt;d1f26e6fdb012300236c2a9a489619ae&lt;/sys_scope&gt;&lt;sys_update_name&gt;sys_ws_operation_e44e617adb912300236c2a9a48961961&lt;/sys_update_name&gt;&lt;sys_updated_by&gt;admin&lt;/sys_updated_by&gt;&lt;sys_updated_on&gt;2018-10-25 19:44:57&lt;/sys_updated_on&gt;&lt;web_service_definition display_value="synow"&gt;e3e2457edb112300236c2a9a4896196a&lt;/web_service_definition&gt;&lt;web_service_version/&gt;&lt;/sys_ws_operation&gt;&lt;/record_update&gt;</payload>
<payload_hash>-1031418497</payload_hash>
<remote_update_set display_value="Custom test update set">5dfdc997db312300236c2a9a489619b6</remote_update_set>
<replace_on_upgrade>false</replace_on_upgrade>
<sys_created_by>admin</sys_created_by>
<sys_created_on>2018-11-21 02:26:53</sys_created_on>
<sys_id>59fdc997db312300236c2a9a489619bd</sys_id>
<sys_mod_count>0</sys_mod_count>
<sys_recorded_at>166acc227d90000001</sys_recorded_at>
<sys_updated_by>admin</sys_updated_by>
<sys_updated_on>2018-11-21 02:26:53</sys_updated_on>
<table/>
<target_name>script</target_name>
<type>Scripted REST Resource</type>
<update_domain>global</update_domain>
<update_guid>c8a871b291d1230070369a998a825958</update_guid>
<update_guid_history>c8a871b291d1230070369a998a825958:-1031418497,1e18f97258d12300b3a35a2dcb14f753:1645817336,71f73532f6d123004d498099c7eac3d1:888004325,59d7317259d12300a780ca0ffe8d102f:1404018638,1497753288d12300a6f1d108772f8065:-2064201333,c41775322ad123008d2c4d2eddf4d4dc:-881130655,278535be1591230092ae937147f635e2:-1077632197,5c85b9be339123004482f82bf9fcf382:1424680955,2965797efc91230091f210878abdb8ae:-1657924137,3535bd7e9191230014b566fd3914bc3e:-650663443,47c4bd7ecb912300e9f39eb86a6f673b:1829135953,c68471beb891230076da7c920ed0afcc:-2136744812,7254fd7eeb9123003a33f4344ca00e25:-1798003801,b644fd7e6f9123005c98b658020b2d20:1868759597,3434bd7e0d91230070ef7f6429fbf71b:1980531163,3424f53ebf9123009d57aed3b52e50e3:-2052230914,9e14f53e4c912300ceedc703e76811df:714897023,f8f3713ea9912300e006d3c3a86f577b:-813295284,6cd3b13e899123000ad2e58542c5e4d4:440094882,74b3713e06912300b23cb004795fe3a8:-340236475,9762b13e229123008ccbc6df7948a864:1717445672,4622713ed9912300b30371b2cc770f73:-889892249,1960b1fafa9123008f9560c87d046cd2:1916722772</update_guid_history>
<update_set display_value=""/>
<view/>
</sys_update_xml>
<sys_update_xml action="INSERT_OR_UPDATE">
<action>INSERT_OR_UPDATE</action>
<application display_value="test">d1f26e6fdb012300236c2a9a489619ae</application>
<category>customer</category>
<comments/>
<name>sys_scope_privilege_abc4f97edb912300236c2a9a4896192b</name>
<payload><![CDATA[<?xml version="1.0" encoding="UTF-8"?><record_update table="sys_scope_privilege"><sys_scope_privilege action="INSERT_OR_UPDATE"><operation>execute</operation><source_scope display_value="test">d1f26e6fdb012300236c2a9a489619ae</source_scope><status>allowed</status><sys_class_name>sys_scope_privilege</sys_class_name><sys_created_by>admin</sys_created_by><sys_created_on>2018-10-25 19:28:15</sys_created_on><sys_id>abc4f97edb912300236c2a9a4896192b</sys_id><sys_mod_count>0</sys_mod_count><sys_name>GlideRecord.insert</sys_name><sys_package display_value="test" source="x_149971_test">d1f26e6fdb012300236c2a9a489619ae</sys_package><sys_policy/><sys_scope display_value="test">d1f26e6fdb012300236c2a9a489619ae</sys_scope><sys_update_name>sys_scope_privilege_abc4f97edb912300236c2a9a4896192b</sys_update_name><sys_updated_by>admin</sys_updated_by><sys_updated_on>2018-10-25 19:28:15</sys_updated_on><target_name>GlideRecord.insert</target_name><target_scope display_value="Global">global</target_scope><target_type>scriptable</target_type></sys_scope_privilege></record_update>]]></payload>
<payload_hash>470568033</payload_hash>
<remote_update_set display_value="Custom test update set">5dfdc997db312300236c2a9a489619b6</remote_update_set>
<replace_on_upgrade>false</replace_on_upgrade>
<sys_created_by>admin</sys_created_by>
<sys_created_on>2018-11-21 02:26:53</sys_created_on>
<sys_id>5dfdc997db312300236c2a9a489619b9</sys_id>
<sys_mod_count>0</sys_mod_count>
<sys_recorded_at>166acb2dfa60000001</sys_recorded_at>
<sys_updated_by>admin</sys_updated_by>
<sys_updated_on>2018-11-21 02:26:53</sys_updated_on>
<table/>
<target_name>GlideRecord.insert</target_name>
<type>Cross scope privilege</type>
<update_domain>global</update_domain>
<update_guid>2bc4f97ecb91230085a0f26219d2812c</update_guid>
<update_guid_history>2bc4f97ecb91230085a0f26219d2812c:470568033</update_guid_history>
<update_set display_value=""/>
<view/>
</sys_update_xml>
<sys_update_xml action="INSERT_OR_UPDATE">
<action>INSERT_OR_UPDATE</action>
<application display_value="test">d1f26e6fdb012300236c2a9a489619ae</application>
<category>customer</category>
<comments/>
<name>sys_ws_definition_bc2c1931db612300236c2a9a48961983</name>
<payload><![CDATA[<?xml version="1.0" encoding="UTF-8"?><record_update table="sys_ws_definition"><sys_ws_definition action="INSERT_OR_UPDATE"><active>true</active><base_uri>/api/x_149971_test/synow_us</base_uri><consumes>application/json,application/xml,text/xml</consumes><consumes_customized>false</consumes_customized><default_version>No active default version</default_version><doc_link/><enforce_acl/><is_versioned>false</is_versioned><name>synow-us</name><namespace>x_149971_test</namespace><produces>application/json,application/xml,text/xml</produces><produces_customized>false</produces_customized><service_id>synow_us</service_id><short_description/><sys_class_name>sys_ws_definition</sys_class_name><sys_created_by>admin</sys_created_by><sys_created_on>2018-11-04 01:22:38</sys_created_on><sys_id>bc2c1931db612300236c2a9a48961983</sys_id><sys_mod_count>1</sys_mod_count><sys_name>synow-us</sys_name><sys_package display_value="test" source="x_149971_test">d1f26e6fdb012300236c2a9a489619ae</sys_package><sys_policy/><sys_scope display_value="test">d1f26e6fdb012300236c2a9a489619ae</sys_scope><sys_update_name>sys_ws_definition_bc2c1931db612300236c2a9a48961983</sys_update_name><sys_updated_by>admin</sys_updated_by><sys_updated_on>2018-11-04 01:23:00</sys_updated_on></sys_ws_definition></record_update>]]></payload>
<payload_hash>-1284961202</payload_hash>
<remote_update_set display_value="Custom test update set">5dfdc997db312300236c2a9a489619b6</remote_update_set>
<replace_on_upgrade>false</replace_on_upgrade>
<sys_created_by>admin</sys_created_by>
<sys_created_on>2018-11-21 02:26:53</sys_created_on>
<sys_id>5dfdc997db312300236c2a9a489619bc</sys_id>
<sys_mod_count>0</sys_mod_count>
<sys_recorded_at>166dc50e2bb0000001</sys_recorded_at>
<sys_updated_by>admin</sys_updated_by>
<sys_updated_on>2018-11-21 02:26:53</sys_updated_on>
<table/>
<target_name>synow-us</target_name>
<type>Scripted REST API</type>
<update_domain>global</update_domain>
<update_guid>3b4c11fda5212300069f6e0773b3c7de</update_guid>
<update_guid_history>3b4c11fda5212300069f6e0773b3c7de:-1284961202,d23c5dbde221230020b8523aea3f609f:363329152</update_guid_history>
<update_set display_value=""/>
<view/>
</sys_update_xml>
<sys_update_xml action="INSERT_OR_UPDATE">
<action>INSERT_OR_UPDATE</action>
<application display_value="test">d1f26e6fdb012300236c2a9a489619ae</application>
<category>customer</category>
<comments/>
<name>sys_documentation_x_149971_test_scriptevaluator_script_en</name>
<payload><![CDATA[<?xml version="1.0" encoding="UTF-8"?><record_update><sys_documentation element="script" label="Script" language="en" table="x_149971_test_scriptevaluator"><sys_documentation action="INSERT_OR_UPDATE"><element>script</element><help/><hint/><label>Script</label><language>en</language><name>x_149971_test_scriptevaluator</name><plural>Scripts</plural><sys_class_name>sys_documentation</sys_class_name><sys_created_by>admin</sys_created_by><sys_created_on>2018-10-25 19:14:38</sys_created_on><sys_id>c8b1313edb912300236c2a9a489619de</sys_id><sys_mod_count>0</sys_mod_count><sys_name>Script</sys_name><sys_package display_value="test" source="x_149971_test">d1f26e6fdb012300236c2a9a489619ae</sys_package><sys_policy/><sys_scope display_value="test">d1f26e6fdb012300236c2a9a489619ae</sys_scope><sys_update_name>sys_documentation_x_149971_test_scriptevaluator_script_en</sys_update_name><sys_updated_by>admin</sys_updated_by><sys_updated_on>2018-10-25 19:14:38</sys_updated_on><url/><url_target/></sys_documentation></sys_documentation></record_update>]]></payload>
<payload_hash>225689317</payload_hash>
<remote_update_set display_value="Custom test update set">5dfdc997db312300236c2a9a489619b6</remote_update_set>
<replace_on_upgrade>false</replace_on_upgrade>
<sys_created_by>admin</sys_created_by>
<sys_created_on>2018-11-21 02:26:53</sys_created_on>
<sys_id>91fdc997db312300236c2a9a489619b8</sys_id>
<sys_mod_count>0</sys_mod_count>
<sys_recorded_at>166aca66a060000001</sys_recorded_at>
<sys_updated_by>admin</sys_updated_by>
<sys_updated_on>2018-11-21 02:26:53</sys_updated_on>
<table>x_149971_test_scriptevaluator</table>
<target_name>ScriptEvaluator.Script</target_name>
<type>Field Label</type>
<update_domain>global</update_domain>
<update_guid>94b1313e2891230056d36802fa3a62f9</update_guid>
<update_guid_history>94b1313e2891230056d36802fa3a62f9:225689317</update_guid_history>
<update_set display_value=""/>
<view/>
</sys_update_xml>
<sys_update_xml action="INSERT_OR_UPDATE">
<action>INSERT_OR_UPDATE</action>
<application display_value="test">d1f26e6fdb012300236c2a9a489619ae</application>
<category>customer</category>
<comments/>
<name>sys_security_acl_88b1313edb912300236c2a9a489619c5</name>
<payload><![CDATA[<?xml version="1.0" encoding="UTF-8"?><record_update table="sys_security_acl"><sys_security_acl action="INSERT_OR_UPDATE"><active>true</active><admin_overrides>true</admin_overrides><advanced>false</advanced><condition/><description>Default access control on x_149971_test_scriptevaluator</description><name>x_149971_test_scriptevaluator</name><operation display_value="read">read</operation><script/><sys_class_name>sys_security_acl</sys_class_name><sys_created_by>admin</sys_created_by><sys_created_on>2018-10-25 19:14:38</sys_created_on><sys_id>88b1313edb912300236c2a9a489619c5</sys_id><sys_mod_count>0</sys_mod_count><sys_name>x_149971_test_scriptevaluator</sys_name><sys_package display_value="test" source="x_149971_test">d1f26e6fdb012300236c2a9a489619ae</sys_package><sys_policy/><sys_scope display_value="test">d1f26e6fdb012300236c2a9a489619ae</sys_scope><sys_update_name>sys_security_acl_88b1313edb912300236c2a9a489619c5</sys_update_name><sys_updated_by>admin</sys_updated_by><sys_updated_on>2018-10-25 19:14:38</sys_updated_on><type display_value="record">record</type></sys_security_acl></record_update>]]></payload>
<payload_hash>961363768</payload_hash>
<remote_update_set display_value="Custom test update set">5dfdc997db312300236c2a9a489619b6</remote_update_set>
<replace_on_upgrade>false</replace_on_upgrade>
<sys_created_by>admin</sys_created_by>
<sys_created_on>2018-11-21 02:26:53</sys_created_on>
<sys_id>91fdc997db312300236c2a9a489619bb</sys_id>
<sys_mod_count>0</sys_mod_count>
<sys_recorded_at>166aca667580000001</sys_recorded_at>
<sys_updated_by>admin</sys_updated_by>
<sys_updated_on>2018-11-21 02:26:53</sys_updated_on>
<table>x_149971_test_scriptevaluator</table>
<target_name>x_149971_test_scriptevaluator</target_name>
<type>Access Control</type>
<update_domain>global</update_domain>
<update_guid>84b1313e68912300ba779409c1dceec7</update_guid>
<update_guid_history>84b1313e68912300ba779409c1dceec7:961363768</update_guid_history>
<update_set display_value=""/>
<view/>
</sys_update_xml>
<sys_update_xml action="INSERT_OR_UPDATE">
<action>INSERT_OR_UPDATE</action>
<application display_value="test">d1f26e6fdb012300236c2a9a489619ae</application>
<category>customer</category>
<comments/>
<name>sys_script_include_4603e2afdb012300236c2a9a489619b4</name>
<payload>&lt;?xml version="1.0" encoding="UTF-8"?&gt;&lt;record_update table="sys_script_include"&gt;&lt;sys_script_include action="INSERT_OR_UPDATE"&gt;&lt;access&gt;package_private&lt;/access&gt;&lt;active&gt;true&lt;/active&gt;&lt;api_name&gt;x_149971_test.Testing&lt;/api_name&gt;&lt;caller_access/&gt;&lt;client_callable&gt;false&lt;/client_callable&gt;&lt;description/&gt;&lt;name&gt;Testing&lt;/name&gt;&lt;script&gt;&lt;![CDATA[var Testing = Class.create();
Testing.prototype = {
    initialize: function() {
    },

    trying: function(){

        gs.info("Will this change be in the global scope?");
        gs.info("This is a sample function");
        gs.info("Now testing the custom update set!");
        gs.info("Please go in there as a custom update!");
        gs.info("is it going to work now?");
    },

    type: 'Testing'
};]]&gt;&lt;/script&gt;&lt;sys_class_name&gt;sys_script_include&lt;/sys_class_name&gt;&lt;sys_created_by&gt;admin&lt;/sys_created_by&gt;&lt;sys_created_on&gt;2018-10-15 20:30:06&lt;/sys_created_on&gt;&lt;sys_id&gt;4603e2afdb012300236c2a9a489619b4&lt;/sys_id&gt;&lt;sys_mod_count&gt;3&lt;/sys_mod_count&gt;&lt;sys_name&gt;Testing&lt;/sys_name&gt;&lt;sys_package display_value="test" source="x_149971_test"&gt;d1f26e6fdb012300236c2a9a489619ae&lt;/sys_package&gt;&lt;sys_policy&gt;read&lt;/sys_policy&gt;&lt;sys_scope display_value="test"&gt;d1f26e6fdb012300236c2a9a489619ae&lt;/sys_scope&gt;&lt;sys_update_name&gt;sys_script_include_4603e2afdb012300236c2a9a489619b4&lt;/sys_update_name&gt;&lt;sys_updated_by&gt;admin&lt;/sys_updated_by&gt;&lt;sys_updated_on&gt;2018-10-15 20:41:56&lt;/sys_updated_on&gt;&lt;/sys_script_include&gt;&lt;/record_update&gt;</payload>
<payload_hash>567718159</payload_hash>
<remote_update_set display_value="Custom test update set">5dfdc997db312300236c2a9a489619b6</remote_update_set>
<replace_on_upgrade>false</replace_on_upgrade>
<sys_created_by>admin</sys_created_by>
<sys_created_on>2018-11-21 02:26:53</sys_created_on>
<sys_id>95fdc997db312300236c2a9a489619ba</sys_id>
<sys_mod_count>0</sys_mod_count>
<sys_recorded_at>1667976bd300000001</sys_recorded_at>
<sys_updated_by>admin</sys_updated_by>
<sys_updated_on>2018-11-21 02:26:53</sys_updated_on>
<table/>
<target_name>Testing</target_name>
<type>Script Include</type>
<update_domain>global</update_domain>
<update_guid>65c5aeaf45012300487a148336faf2ae</update_guid>
<update_guid_history>65c5aeaf45012300487a148336faf2ae:567718159,825466ef78012300dd535f1f59b7c18f:-1801106932,46c3aeafcb012300ae531f145aa4274e:1965632873,0413e2afc2012300df42d4c4be5a9c7e:-1192770708</update_guid_history>
<update_set display_value=""/>
<view/>
</sys_update_xml>
<sys_update_xml action="INSERT_OR_UPDATE">
<action>INSERT_OR_UPDATE</action>
<application display_value="test">d1f26e6fdb012300236c2a9a489619ae</application>
<category>customer</category>
<comments/>
<name>sys_ws_operation_d7e1e535db612300236c2a9a48961953</name>
<payload>&lt;?xml version="1.0" encoding="UTF-8"?&gt;&lt;record_update table="sys_ws_operation"&gt;&lt;sys_ws_operation action="INSERT_OR_UPDATE"&gt;&lt;active&gt;true&lt;/active&gt;&lt;consumes&gt;application/json,application/xml,text/xml&lt;/consumes&gt;&lt;consumes_customized&gt;false&lt;/consumes_customized&gt;&lt;default_operation_uri/&gt;&lt;enforce_acl&gt;cf9d01d3e73003009d6247e603f6a990&lt;/enforce_acl&gt;&lt;http_method&gt;PUT&lt;/http_method&gt;&lt;name&gt;download&lt;/name&gt;&lt;operation_script&gt;&lt;![CDATA[(function process(/*RESTAPIRequest*/ request, /*RESTAPIResponse*/ response) {
	var queryParams = request.queryParams;
	if(request.queryParams.name &amp;&amp; request.queryParams.app){
		var name = request.queryParams.name[0];
		var result = [];
		
		
		var us = new GlideRecord("sys_update_set");
		
		var app = new GlideRecord("sys_app");
		app.addQuery("name", queryParams.app[0]);
		app.query();
		if(app.next()){
			us.addQuery("application", app.getValue("sys_id"));
		}
		
		us.addQuery("name", name);
		us.query();
		if(us.next()){
			var updateSetExport = new global.UpdateSetExport();
			var sysid = updateSetExport.exportUpdateSet(us);
			return "export_update_set.do?sysparm_sys_id=" + sysid + "&amp;sysparm_delete_when_done=true";
		}
	}
	
	return;
})(request, response);
]]&gt;&lt;/operation_script&gt;&lt;operation_uri&gt;/api/x_149971_test/synow_us&lt;/operation_uri&gt;&lt;produces&gt;application/json,application/xml,text/xml&lt;/produces&gt;&lt;produces_customized&gt;false&lt;/produces_customized&gt;&lt;relative_path&gt;/&lt;/relative_path&gt;&lt;request_example/&gt;&lt;requires_acl_authorization&gt;true&lt;/requires_acl_authorization&gt;&lt;requires_authentication&gt;true&lt;/requires_authentication&gt;&lt;requires_snc_internal_role&gt;true&lt;/requires_snc_internal_role&gt;&lt;short_description/&gt;&lt;sys_class_name&gt;sys_ws_operation&lt;/sys_class_name&gt;&lt;sys_created_by&gt;admin&lt;/sys_created_by&gt;&lt;sys_created_on&gt;2018-11-04 01:48:01&lt;/sys_created_on&gt;&lt;sys_id&gt;d7e1e535db612300236c2a9a48961953&lt;/sys_id&gt;&lt;sys_mod_count&gt;4&lt;/sys_mod_count&gt;&lt;sys_name&gt;download&lt;/sys_name&gt;&lt;sys_package display_value="test" source="x_149971_test"&gt;d1f26e6fdb012300236c2a9a489619ae&lt;/sys_package&gt;&lt;sys_policy/&gt;&lt;sys_scope display_value="test"&gt;d1f26e6fdb012300236c2a9a489619ae&lt;/sys_scope&gt;&lt;sys_update_name&gt;sys_ws_operation_d7e1e535db612300236c2a9a48961953&lt;/sys_update_name&gt;&lt;sys_updated_by&gt;admin&lt;/sys_updated_by&gt;&lt;sys_updated_on&gt;2018-11-04 02:06:03&lt;/sys_updated_on&gt;&lt;web_service_definition display_value="synow-us"&gt;bc2c1931db612300236c2a9a48961983&lt;/web_service_definition&gt;&lt;web_service_version/&gt;&lt;/sys_ws_operation&gt;&lt;/record_update&gt;</payload>
<payload_hash>1371856459</payload_hash>
<remote_update_set display_value="Custom test update set">5dfdc997db312300236c2a9a489619b6</remote_update_set>
<replace_on_upgrade>false</replace_on_upgrade>
<sys_created_by>admin</sys_created_by>
<sys_created_on>2018-11-21 02:26:53</sys_created_on>
<sys_id>95fdc997db312300236c2a9a489619bd</sys_id>
<sys_mod_count>0</sys_mod_count>
<sys_recorded_at>166dc784ec90000001</sys_recorded_at>
<sys_updated_by>admin</sys_updated_by>
<sys_updated_on>2018-11-21 02:26:53</sys_updated_on>
<table/>
<target_name>download</target_name>
<type>Scripted REST Resource</type>
<update_domain>global</update_domain>
<update_guid>6a2665b533612300657d6bbb7ac70669</update_guid>
<update_guid_history>6a2665b533612300657d6bbb7ac70669:1371856459,2454a5758a612300c2a6dd402f6e741e:-1394017244,e5a3a5753f61230010ad04c9594f6cdf:-1982993255,707321756961230086dc67d403108de7:533085460,d202e535a5612300fb3651ef22137058:-1777862043</update_guid_history>
<update_set display_value=""/>
<view/>
</sys_update_xml>
<sys_update_xml action="INSERT_OR_UPDATE">
<action>INSERT_OR_UPDATE</action>
<application display_value="test">d1f26e6fdb012300236c2a9a489619ae</application>
<category>customer</category>
<comments/>
<name>sys_scope_privilege_9590a5f1db612300236c2a9a489619b5</name>
<payload><![CDATA[<?xml version="1.0" encoding="UTF-8"?><record_update table="sys_scope_privilege"><sys_scope_privilege action="INSERT_OR_UPDATE"><operation>read</operation><source_scope display_value="test">d1f26e6fdb012300236c2a9a489619ae</source_scope><status>allowed</status><sys_class_name>sys_scope_privilege</sys_class_name><sys_created_by>admin</sys_created_by><sys_created_on>2018-11-04 01:41:41</sys_created_on><sys_id>9590a5f1db612300236c2a9a489619b5</sys_id><sys_mod_count>0</sys_mod_count><sys_name>sys_app</sys_name><sys_package display_value="test" source="x_149971_test">d1f26e6fdb012300236c2a9a489619ae</sys_package><sys_policy/><sys_scope display_value="test">d1f26e6fdb012300236c2a9a489619ae</sys_scope><sys_update_name>sys_scope_privilege_9590a5f1db612300236c2a9a489619b5</sys_update_name><sys_updated_by>admin</sys_updated_by><sys_updated_on>2018-11-04 01:41:41</sys_updated_on><target_name>sys_app</target_name><target_scope display_value="Global">global</target_scope><target_type>sys_db_object</target_type></sys_scope_privilege></record_update>]]></payload>
<payload_hash>-1130587493</payload_hash>
<remote_update_set display_value="Custom test update set">5dfdc997db312300236c2a9a489619b6</remote_update_set>
<replace_on_upgrade>false</replace_on_upgrade>
<sys_created_by>admin</sys_created_by>
<sys_created_on>2018-11-21 02:26:53</sys_created_on>
<sys_id>99fdc997db312300236c2a9a489619b9</sys_id>
<sys_mod_count>0</sys_mod_count>
<sys_recorded_at>166dc61fc660000001</sys_recorded_at>
<sys_updated_by>admin</sys_updated_by>
<sys_updated_on>2018-11-21 02:26:53</sys_updated_on>
<table/>
<target_name>sys_app</target_name>
<type>Cross scope privilege</type>
<update_domain>global</update_domain>
<update_guid>1590a5f1826123007487a786262fa3b6</update_guid>
<update_guid_history>1590a5f1826123007487a786262fa3b6:-1130587493</update_guid_history>
<update_set display_value=""/>
<view/>
</sys_update_xml>
<sys_update_xml action="INSERT_OR_UPDATE">
<action>INSERT_OR_UPDATE</action>
<application display_value="test">d1f26e6fdb012300236c2a9a489619ae</application>
<category>customer</category>
<comments/>
<name>sys_user_role_7e902f54db212300236c2a9a4896197f</name>
<payload><![CDATA[<?xml version="1.0" encoding="UTF-8"?><record_update table="sys_user_role"><sys_user_role action="INSERT_OR_UPDATE"><assignable_by/><can_delegate>true</can_delegate><description/><elevated_privilege>false</elevated_privilege><encryption_context/><grantable>true</grantable><includes_roles/><name>x_149971_test.best</name><requires_subscription>-1</requires_subscription><scoped_admin>false</scoped_admin><suffix>best</suffix><sys_class_name>sys_user_role</sys_class_name><sys_created_by>admin</sys_created_by><sys_created_on>2018-10-30 19:10:16</sys_created_on><sys_id>7e902f54db212300236c2a9a4896197f</sys_id><sys_mod_count>0</sys_mod_count><sys_name>x_149971_test.best</sys_name><sys_package display_value="test" source="x_149971_test">d1f26e6fdb012300236c2a9a489619ae</sys_package><sys_policy/><sys_scope display_value="test">d1f26e6fdb012300236c2a9a489619ae</sys_scope><sys_update_name>sys_user_role_7e902f54db212300236c2a9a4896197f</sys_update_name><sys_updated_by>admin</sys_updated_by><sys_updated_on>2018-10-30 19:10:16</sys_updated_on></sys_user_role></record_update>]]></payload>
<payload_hash>-427650279</payload_hash>
<remote_update_set display_value="Custom test update set">5dfdc997db312300236c2a9a489619b6</remote_update_set>
<replace_on_upgrade>false</replace_on_upgrade>
<sys_created_by>admin</sys_created_by>
<sys_created_on>2018-11-21 02:26:53</sys_created_on>
<sys_id>99fdc997db312300236c2a9a489619bc</sys_id>
<sys_mod_count>0</sys_mod_count>
<sys_recorded_at>166c662330b0000001</sys_recorded_at>
<sys_updated_by>admin</sys_updated_by>
<sys_updated_on>2018-11-21 02:26:53</sys_updated_on>
<table/>
<target_name>x_149971_test.best</target_name>
<type>Role</type>
<update_domain>global</update_domain>
<update_guid>30a02f5418212300f1ee0934092b7bcc</update_guid>
<update_guid_history>30a02f5418212300f1ee0934092b7bcc:-427650279</update_guid_history>
<update_set display_value=""/>
<view/>
</sys_update_xml>
<sys_update_xml action="INSERT_OR_UPDATE">
<action>INSERT_OR_UPDATE</action>
<application display_value="test">d1f26e6fdb012300236c2a9a489619ae</application>
<category>customer</category>
<comments/>
<name>sys_scope_privilege_50dd5531db612300236c2a9a48961982</name>
<payload><![CDATA[<?xml version="1.0" encoding="UTF-8"?><record_update table="sys_scope_privilege"><sys_scope_privilege action="INSERT_OR_UPDATE"><operation>read</operation><source_scope display_value="test">d1f26e6fdb012300236c2a9a489619ae</source_scope><status>allowed</status><sys_class_name>sys_scope_privilege</sys_class_name><sys_created_by>admin</sys_created_by><sys_created_on>2018-11-04 01:29:36</sys_created_on><sys_id>50dd5531db612300236c2a9a48961982</sys_id><sys_mod_count>0</sys_mod_count><sys_name>sys_update_set</sys_name><sys_package display_value="test" source="x_149971_test">d1f26e6fdb012300236c2a9a489619ae</sys_package><sys_policy/><sys_scope display_value="test">d1f26e6fdb012300236c2a9a489619ae</sys_scope><sys_update_name>sys_scope_privilege_50dd5531db612300236c2a9a48961982</sys_update_name><sys_updated_by>admin</sys_updated_by><sys_updated_on>2018-11-04 01:29:36</sys_updated_on><target_name>sys_update_set</target_name><target_scope display_value="Global">global</target_scope><target_type>sys_db_object</target_type></sys_scope_privilege></record_update>]]></payload>
<payload_hash>2054706289</payload_hash>
<remote_update_set display_value="Custom test update set">5dfdc997db312300236c2a9a489619b6</remote_update_set>
<replace_on_upgrade>false</replace_on_upgrade>
<sys_created_by>admin</sys_created_by>
<sys_created_on>2018-11-21 02:26:53</sys_created_on>
<sys_id>9dfdc997db312300236c2a9a489619b8</sys_id>
<sys_mod_count>0</sys_mod_count>
<sys_recorded_at>166dc56ec830000001</sys_recorded_at>
<sys_updated_by>admin</sys_updated_by>
<sys_updated_on>2018-11-21 02:26:53</sys_updated_on>
<table/>
<target_name>sys_update_set</target_name>
<type>Cross scope privilege</type>
<update_domain>global</update_domain>
<update_guid>14dd55316a612300c39160d73511a983</update_guid>
<update_guid_history>14dd55316a612300c39160d73511a983:2054706289</update_guid_history>
<update_set display_value=""/>
<view/>
</sys_update_xml>
<sys_update_xml action="INSERT_OR_UPDATE">
<action>INSERT_OR_UPDATE</action>
<application display_value="test">d1f26e6fdb012300236c2a9a489619ae</application>
<category>customer</category>
<comments/>
<name>sys_security_acl_role_c4b1313edb912300236c2a9a489619cd</name>
<payload><![CDATA[<?xml version="1.0" encoding="UTF-8"?><record_update table="sys_security_acl_role"><sys_security_acl_role action="INSERT_OR_UPDATE"><sys_class_name>sys_security_acl_role</sys_class_name><sys_created_by>admin</sys_created_by><sys_created_on>2018-10-25 19:14:38</sys_created_on><sys_id>c4b1313edb912300236c2a9a489619cd</sys_id><sys_mod_count>0</sys_mod_count><sys_name>x_149971_test_scriptevaluator.x_149971_test.scriptevaluator_user</sys_name><sys_package display_value="test" source="x_149971_test">d1f26e6fdb012300236c2a9a489619ae</sys_package><sys_policy/><sys_scope display_value="test">d1f26e6fdb012300236c2a9a489619ae</sys_scope><sys_security_acl display_value="x_149971_test_scriptevaluator">8cb1313edb912300236c2a9a489619ca</sys_security_acl><sys_update_name>sys_security_acl_role_c4b1313edb912300236c2a9a489619cd</sys_update_name><sys_updated_by>admin</sys_updated_by><sys_updated_on>2018-10-25 19:14:38</sys_updated_on><sys_user_role display_value="x_149971_test.scriptevaluator_user" name="x_149971_test.scriptevaluator_user">08b1f57edb112300236c2a9a489619b3</sys_user_role><transaction_id/></sys_security_acl_role></record_update>]]></payload>
<payload_hash>1407170260</payload_hash>
<remote_update_set display_value="Custom test update set">5dfdc997db312300236c2a9a489619b6</remote_update_set>
<replace_on_upgrade>false</replace_on_upgrade>
<sys_created_by>admin</sys_created_by>
<sys_created_on>2018-11-21 02:26:53</sys_created_on>
<sys_id>9dfdc997db312300236c2a9a489619bb</sys_id>
<sys_mod_count>0</sys_mod_count>
<sys_recorded_at>166aca667a80000001</sys_recorded_at>
<sys_updated_by>admin</sys_updated_by>
<sys_updated_on>2018-11-21 02:26:53</sys_updated_on>
<table>x_149971_test_scriptevaluator</table>
<target_name>x_149971_test_scriptevaluator.x_149971_test.scriptevaluator_user</target_name>
<type>Access Roles</type>
<update_domain>global</update_domain>
<update_guid>44b1313e42912300614f20a77890f2cf</update_guid>
<update_guid_history>44b1313e42912300614f20a77890f2cf:1407170260</update_guid_history>
<update_set display_value=""/>
<view/>
</sys_update_xml>
<sys_update_xml action="INSERT_OR_UPDATE">
<action>INSERT_OR_UPDATE</action>
<application display_value="test">d1f26e6fdb012300236c2a9a489619ae</application>
<category>customer</category>
<comments/>
<name>sys_script_client_98fd347adb112300236c2a9a4896190a</name>
<payload>&lt;?xml version="1.0" encoding="UTF-8"?&gt;&lt;record_update sys_domain="global" table="sys_script_client"&gt;&lt;sys_script_client action="INSERT_OR_UPDATE"&gt;&lt;active&gt;true&lt;/active&gt;&lt;applies_extended&gt;false&lt;/applies_extended&gt;&lt;condition/&gt;&lt;description/&gt;&lt;field&gt;active&lt;/field&gt;&lt;global&gt;true&lt;/global&gt;&lt;isolate_script&gt;true&lt;/isolate_script&gt;&lt;messages/&gt;&lt;name&gt;Testing&lt;/name&gt;&lt;order/&gt;&lt;script&gt;&lt;![CDATA[function onLoad() {
   //Type appropriate comment here, and begin script below
   
var ga = new GlideAjax('x_149971_test.HelloWorld');
ga.addParam('sysparm_name', 'helloWorld');
ga.addParam('sysparm_user_name', "Bob");
ga.getXML(HelloWorldParse);
 
function HelloWorldParse(response) {
  var answer = response.responseXML.documentElement.getAttribute("answer");
  alert(answer); }
}]]&gt;&lt;/script&gt;&lt;sys_class_name&gt;sys_script_client&lt;/sys_class_name&gt;&lt;sys_created_by&gt;admin&lt;/sys_created_by&gt;&lt;sys_created_on&gt;2018-10-25 15:31:20&lt;/sys_created_on&gt;&lt;sys_domain&gt;global&lt;/sys_domain&gt;&lt;sys_domain_path&gt;/&lt;/sys_domain_path&gt;&lt;sys_id&gt;98fd347adb112300236c2a9a4896190a&lt;/sys_id&gt;&lt;sys_mod_count&gt;1&lt;/sys_mod_count&gt;&lt;sys_name&gt;Testing&lt;/sys_name&gt;&lt;sys_overrides/&gt;&lt;sys_package display_value="test" source="x_149971_test"&gt;d1f26e6fdb012300236c2a9a489619ae&lt;/sys_package&gt;&lt;sys_policy/&gt;&lt;sys_scope display_value="test"&gt;d1f26e6fdb012300236c2a9a489619ae&lt;/sys_scope&gt;&lt;sys_update_name&gt;sys_script_client_98fd347adb112300236c2a9a4896190a&lt;/sys_update_name&gt;&lt;sys_updated_by&gt;admin&lt;/sys_updated_by&gt;&lt;sys_updated_on&gt;2018-10-25 15:32:24&lt;/sys_updated_on&gt;&lt;table&gt;incident&lt;/table&gt;&lt;type&gt;onLoad&lt;/type&gt;&lt;ui_type&gt;0&lt;/ui_type&gt;&lt;view/&gt;&lt;/sys_script_client&gt;&lt;/record_update&gt;</payload>
<payload_hash>1269045734</payload_hash>
<remote_update_set display_value="Custom test update set">5dfdc997db312300236c2a9a489619b6</remote_update_set>
<replace_on_upgrade>false</replace_on_upgrade>
<sys_created_by>admin</sys_created_by>
<sys_created_on>2018-11-21 02:26:53</sys_created_on>
<sys_id>d1fdc997db312300236c2a9a489619ba</sys_id>
<sys_mod_count>0</sys_mod_count>
<sys_recorded_at>166abdaf0510000001</sys_recorded_at>
<sys_updated_by>admin</sys_updated_by>
<sys_updated_on>2018-11-21 02:26:53</sys_updated_on>
<table>incident</table>
<target_name>Testing</target_name>
<type>Client Script</type>
<update_domain>global</update_domain>
<update_guid>e4de747ad2112300473443c9cf94f3c6</update_guid>
<update_guid_history>e4de747ad2112300473443c9cf94f3c6:1269045734,499efc3a451123002bfefb8fb59a58a5:-417052795</update_guid_history>
<update_set display_value=""/>
<view/>
</sys_update_xml>
<sys_update_xml action="INSERT_OR_UPDATE">
<action>INSERT_OR_UPDATE</action>
<application display_value="test">d1f26e6fdb012300236c2a9a489619ae</application>
<category>customer</category>
<comments/>
<name>sys_ws_operation_c95cd931db612300236c2a9a4896192d</name>
<payload>&lt;?xml version="1.0" encoding="UTF-8"?&gt;&lt;record_update table="sys_ws_operation"&gt;&lt;sys_ws_operation action="INSERT_OR_UPDATE"&gt;&lt;active&gt;true&lt;/active&gt;&lt;consumes&gt;application/json,application/xml,text/xml&lt;/consumes&gt;&lt;consumes_customized&gt;false&lt;/consumes_customized&gt;&lt;default_operation_uri/&gt;&lt;enforce_acl&gt;cf9d01d3e73003009d6247e603f6a990&lt;/enforce_acl&gt;&lt;http_method&gt;GET&lt;/http_method&gt;&lt;name&gt;list&lt;/name&gt;&lt;operation_script&gt;&lt;![CDATA[(function process(/*RESTAPIRequest*/ request, /*RESTAPIResponse*/ response) {
	var queryParams = request.queryParams;
	var result = [];
	
	
	var gr = new GlideRecord("sys_update_set");
	if(queryParams.app != null){
		var app = new GlideRecord("sys_app");
		app.addQuery("name", queryParams.app[0]);
		app.query();
		if(app.next()){
			gr.addQuery("application", app.getValue("sys_id"));
		}
	}
	gr.query();
	while(gr.next()){
		var us = {};
			us.name = gr.getValue("name");
			us.application = gr.getDisplayValue("application");
			us.state = gr.getDisplayValue("state");
			result.push(us);
		}
		// implement resource here
		return result;
	})(request, response);]]&gt;&lt;/operation_script&gt;&lt;operation_uri&gt;/api/x_149971_test/synow_us&lt;/operation_uri&gt;&lt;produces&gt;application/json,application/xml,text/xml&lt;/produces&gt;&lt;produces_customized&gt;false&lt;/produces_customized&gt;&lt;relative_path&gt;/&lt;/relative_path&gt;&lt;request_example/&gt;&lt;requires_acl_authorization&gt;true&lt;/requires_acl_authorization&gt;&lt;requires_authentication&gt;true&lt;/requires_authentication&gt;&lt;requires_snc_internal_role&gt;true&lt;/requires_snc_internal_role&gt;&lt;short_description/&gt;&lt;sys_class_name&gt;sys_ws_operation&lt;/sys_class_name&gt;&lt;sys_created_by&gt;admin&lt;/sys_created_by&gt;&lt;sys_created_on&gt;2018-11-04 01:28:56&lt;/sys_created_on&gt;&lt;sys_id&gt;c95cd931db612300236c2a9a4896192d&lt;/sys_id&gt;&lt;sys_mod_count&gt;9&lt;/sys_mod_count&gt;&lt;sys_name&gt;list&lt;/sys_name&gt;&lt;sys_package display_value="test" source="x_149971_test"&gt;d1f26e6fdb012300236c2a9a489619ae&lt;/sys_package&gt;&lt;sys_policy/&gt;&lt;sys_scope display_value="test"&gt;d1f26e6fdb012300236c2a9a489619ae&lt;/sys_scope&gt;&lt;sys_update_name&gt;sys_ws_operation_c95cd931db612300236c2a9a4896192d&lt;/sys_update_name&gt;&lt;sys_updated_by&gt;admin&lt;/sys_updated_by&gt;&lt;sys_updated_on&gt;2018-11-04 01:41:37&lt;/sys_updated_on&gt;&lt;web_service_definition display_value="synow-us"&gt;bc2c1931db612300236c2a9a48961983&lt;/web_service_definition&gt;&lt;web_service_version/&gt;&lt;/sys_ws_operation&gt;&lt;/record_update&gt;</payload>
<payload_hash>-590502263</payload_hash>
<remote_update_set display_value="Custom test update set">5dfdc997db312300236c2a9a489619b6</remote_update_set>
<replace_on_upgrade>false</replace_on_upgrade>
<sys_created_by>admin</sys_created_by>
<sys_created_on>2018-11-21 02:26:53</sys_created_on>
<sys_id>d1fdc997db312300236c2a9a489619bd</sys_id>
<sys_mod_count>0</sys_mod_count>
<sys_recorded_at>166dc61f05c0000001</sys_recorded_at>
<sys_updated_by>admin</sys_updated_by>
<sys_updated_on>2018-11-21 02:26:53</sys_updated_on>
<table/>
<target_name>list</target_name>
<type>Scripted REST Resource</type>
<update_domain>global</update_domain>
<update_guid>e090a1f1b761230091a961ac7116768c</update_guid>
<update_guid_history>e090a1f1b761230091a961ac7116768c:-590502263,3e7f91fd8c2123003bbcb18c3edd2149:91411868,070f91b1e86123000fcc47abdc7eed6b:-2068411702,46ee11b1f761230021510a5d8e34c4ec:-485071741,63de91b146612300fce351d3d6d1645a:1613616332,997e91b174612300c69bc403015f4531:1948777283,486e1931d66123005cb786024d18a990:-12476458,b90e59317b6123008c87e2700df559b3:308952620,42ed5971b96123004c332c41917d1a5d:143961614,72ad55714961230047b212ba905f13ac:-1275265636</update_guid_history>
<update_set display_value=""/>
<view/>
</sys_update_xml>
<sys_update_xml action="INSERT_OR_UPDATE">
<action>INSERT_OR_UPDATE</action>
<application display_value="test">d1f26e6fdb012300236c2a9a489619ae</application>
<category>customer</category>
<comments/>
<name>sys_scope_privilege_77a035badb912300236c2a9a48961974</name>
<payload><![CDATA[<?xml version="1.0" encoding="UTF-8"?><record_update table="sys_scope_privilege"><sys_scope_privilege action="INSERT_OR_UPDATE"><operation>execute</operation><source_scope display_value="test">d1f26e6fdb012300236c2a9a489619ae</source_scope><status>allowed</status><sys_class_name>sys_scope_privilege</sys_class_name><sys_created_by>admin</sys_created_by><sys_created_on>2018-10-25 19:10:15</sys_created_on><sys_id>77a035badb912300236c2a9a48961974</sys_id><sys_mod_count>0</sys_mod_count><sys_name>RESTAPIRequest</sys_name><sys_package display_value="test" source="x_149971_test">d1f26e6fdb012300236c2a9a489619ae</sys_package><sys_policy/><sys_scope display_value="test">d1f26e6fdb012300236c2a9a489619ae</sys_scope><sys_update_name>sys_scope_privilege_77a035badb912300236c2a9a48961974</sys_update_name><sys_updated_by>admin</sys_updated_by><sys_updated_on>2018-10-25 19:10:15</sys_updated_on><target_name>RESTAPIRequest</target_name><target_scope display_value="Global">global</target_scope><target_type>scriptable</target_type></sys_scope_privilege></record_update>]]></payload>
<payload_hash>-1176930591</payload_hash>
<remote_update_set display_value="Custom test update set">5dfdc997db312300236c2a9a489619b6</remote_update_set>
<replace_on_upgrade>false</replace_on_upgrade>
<sys_created_by>admin</sys_created_by>
<sys_created_on>2018-11-21 02:26:53</sys_created_on>
<sys_id>d5fdc997db312300236c2a9a489619b9</sys_id>
<sys_mod_count>0</sys_mod_count>
<sys_recorded_at>166aca264e50000001</sys_recorded_at>
<sys_updated_by>admin</sys_updated_by>
<sys_updated_on>2018-11-21 02:26:53</sys_updated_on>
<table/>
<target_name>RESTAPIRequest</target_name>
<type>Cross scope privilege</type>
<update_domain>global</update_domain>
<update_guid>3ba035ba989123004feecfde6a7a1f75</update_guid>
<update_guid_history>3ba035ba989123004feecfde6a7a1f75:-1176930591</update_guid_history>
<update_set display_value=""/>
<view/>
</sys_update_xml>
<sys_update_xml action="INSERT_OR_UPDATE">
<action>INSERT_OR_UPDATE</action>
<application display_value="test">d1f26e6fdb012300236c2a9a489619ae</application>
<category>customer</category>
<comments/>
<name>sys_user_role_08b1f57edb112300236c2a9a489619b3</name>
<payload><![CDATA[<?xml version="1.0" encoding="UTF-8"?><record_update table="sys_user_role"><sys_user_role action="INSERT_OR_UPDATE"><assignable_by/><can_delegate>true</can_delegate><description/><elevated_privilege>false</elevated_privilege><encryption_context/><grantable>true</grantable><includes_roles/><name>x_149971_test.scriptevaluator_user</name><requires_subscription>-1</requires_subscription><scoped_admin>false</scoped_admin><suffix>scriptevaluator_user</suffix><sys_class_name>sys_user_role</sys_class_name><sys_created_by>admin</sys_created_by><sys_created_on>2018-10-25 19:14:37</sys_created_on><sys_id>08b1f57edb112300236c2a9a489619b3</sys_id><sys_mod_count>0</sys_mod_count><sys_name>x_149971_test.scriptevaluator_user</sys_name><sys_package display_value="test" source="x_149971_test">d1f26e6fdb012300236c2a9a489619ae</sys_package><sys_policy/><sys_scope display_value="test">d1f26e6fdb012300236c2a9a489619ae</sys_scope><sys_update_name>sys_user_role_08b1f57edb112300236c2a9a489619b3</sys_update_name><sys_updated_by>admin</sys_updated_by><sys_updated_on>2018-10-25 19:14:37</sys_updated_on></sys_user_role></record_update>]]></payload>
<payload_hash>-979788905</payload_hash>
<remote_update_set display_value="Custom test update set">5dfdc997db312300236c2a9a489619b6</remote_update_set>
<replace_on_upgrade>false</replace_on_upgrade>
<sys_created_by>admin</sys_created_by>
<sys_created_on>2018-11-21 02:26:53</sys_created_on>
<sys_id>d5fdc997db312300236c2a9a489619bc</sys_id>
<sys_mod_count>0</sys_mod_count>
<sys_recorded_at>166aca665660000001</sys_recorded_at>
<sys_updated_by>admin</sys_updated_by>
<sys_updated_on>2018-11-21 02:26:53</sys_updated_on>
<table/>
<target_name>x_149971_test.scriptevaluator_user</target_name>
<type>Role</type>
<update_domain>global</update_domain>
<update_guid>8cb1313e9d912300395c4a63b6f97fa9</update_guid>
<update_guid_history>8cb1313e9d912300395c4a63b6f97fa9:-979788905</update_guid_history>
<update_set display_value=""/>
<view/>
</sys_update_xml>
<sys_update_xml action="INSERT_OR_UPDATE">
<action>INSERT_OR_UPDATE</action>
<application display_value="test">d1f26e6fdb012300236c2a9a489619ae</application>
<category>customer</category>
<comments/>
<name>sys_scope_privilege_3222353edb912300236c2a9a48961961</name>
<payload><![CDATA[<?xml version="1.0" encoding="UTF-8"?><record_update table="sys_scope_privilege"><sys_scope_privilege action="INSERT_OR_UPDATE"><operation>execute</operation><source_scope display_value="test">d1f26e6fdb012300236c2a9a489619ae</source_scope><status>allowed</status><sys_class_name>sys_scope_privilege</sys_class_name><sys_created_by>admin</sys_created_by><sys_created_on>2018-10-25 19:16:44</sys_created_on><sys_id>3222353edb912300236c2a9a48961961</sys_id><sys_mod_count>0</sys_mod_count><sys_name>ScriptableServiceResultBuilder.setBody</sys_name><sys_package display_value="test" source="x_149971_test">d1f26e6fdb012300236c2a9a489619ae</sys_package><sys_policy/><sys_scope display_value="test">d1f26e6fdb012300236c2a9a489619ae</sys_scope><sys_update_name>sys_scope_privilege_3222353edb912300236c2a9a48961961</sys_update_name><sys_updated_by>admin</sys_updated_by><sys_updated_on>2018-10-25 19:16:44</sys_updated_on><target_name>ScriptableServiceResultBuilder.setBody</target_name><target_scope display_value="Global">global</target_scope><target_type>scriptable</target_type></sys_scope_privilege></record_update>]]></payload>
<payload_hash>-1039586239</payload_hash>
<remote_update_set display_value="Custom test update set">5dfdc997db312300236c2a9a489619b6</remote_update_set>
<replace_on_upgrade>false</replace_on_upgrade>
<sys_created_by>admin</sys_created_by>
<sys_created_on>2018-11-21 02:26:53</sys_created_on>
<sys_id>d9fdc997db312300236c2a9a489619b8</sys_id>
<sys_mod_count>0</sys_mod_count>
<sys_recorded_at>166aca8524b0000001</sys_recorded_at>
<sys_updated_by>admin</sys_updated_by>
<sys_updated_on>2018-11-21 02:26:53</sys_updated_on>
<table/>
<target_name>ScriptableServiceResultBuilder.setBody</target_name>
<type>Cross scope privilege</type>
<update_domain>global</update_domain>
<update_guid>fa22353eaa9123007220da14d77ee661</update_guid>
<update_guid_history>fa22353eaa9123007220da14d77ee661:-1039586239</update_guid_history>
<update_set display_value=""/>
<view/>
</sys_update_xml>
<sys_update_xml action="INSERT_OR_UPDATE">
<action>INSERT_OR_UPDATE</action>
<application display_value="test">d1f26e6fdb012300236c2a9a489619ae</application>
<category>customer</category>
<comments/>
<name>sys_security_acl_role_c4b1313edb912300236c2a9a489619c2</name>
<payload><![CDATA[<?xml version="1.0" encoding="UTF-8"?><record_update table="sys_security_acl_role"><sys_security_acl_role action="INSERT_OR_UPDATE"><sys_class_name>sys_security_acl_role</sys_class_name><sys_created_by>admin</sys_created_by><sys_created_on>2018-10-25 19:14:38</sys_created_on><sys_id>c4b1313edb912300236c2a9a489619c2</sys_id><sys_mod_count>0</sys_mod_count><sys_name>x_149971_test_scriptevaluator.x_149971_test.scriptevaluator_user</sys_name><sys_package display_value="test" source="x_149971_test">d1f26e6fdb012300236c2a9a489619ae</sys_package><sys_policy/><sys_scope display_value="test">d1f26e6fdb012300236c2a9a489619ae</sys_scope><sys_security_acl display_value="x_149971_test_scriptevaluator">00b1313edb912300236c2a9a489619b3</sys_security_acl><sys_update_name>sys_security_acl_role_c4b1313edb912300236c2a9a489619c2</sys_update_name><sys_updated_by>admin</sys_updated_by><sys_updated_on>2018-10-25 19:14:38</sys_updated_on><sys_user_role display_value="x_149971_test.scriptevaluator_user" name="x_149971_test.scriptevaluator_user">08b1f57edb112300236c2a9a489619b3</sys_user_role><transaction_id/></sys_security_acl_role></record_update>]]></payload>
<payload_hash>1696705180</payload_hash>
<remote_update_set display_value="Custom test update set">5dfdc997db312300236c2a9a489619b6</remote_update_set>
<replace_on_upgrade>false</replace_on_upgrade>
<sys_created_by>admin</sys_created_by>
<sys_created_on>2018-11-21 02:26:53</sys_created_on>
<sys_id>d9fdc997db312300236c2a9a489619bb</sys_id>
<sys_mod_count>0</sys_mod_count>
<sys_recorded_at>166aca667380000001</sys_recorded_at>
<sys_updated_by>admin</sys_updated_by>
<sys_updated_on>2018-11-21 02:26:53</sys_updated_on>
<table>x_149971_test_scriptevaluator</table>
<target_name>x_149971_test_scriptevaluator.x_149971_test.scriptevaluator_user</target_name>
<type>Access Roles</type>
<update_domain>global</update_domain>
<update_guid>0cb1313eb5912300ed0405b296074cc4</update_guid>
<update_guid_history>0cb1313eb5912300ed0405b296074cc4:1696705180</update_guid_history>
<update_set display_value=""/>
<view/>
</sys_update_xml>
<sys_update_xml action="INSERT_OR_UPDATE">
<action>INSERT_OR_UPDATE</action>
<application display_value="test">d1f26e6fdb012300236c2a9a489619ae</application>
<category>customer</category>
<comments/>
<name>sys_dictionary_x_149971_test_scriptevaluator_script</name>
<payload>&lt;?xml version="1.0" encoding="UTF-8"?&gt;&lt;record_update&gt;&lt;sys_dictionary action="INSERT_OR_UPDATE" element="script" table="x_149971_test_scriptevaluator"&gt;&lt;active&gt;true&lt;/active&gt;&lt;array&gt;false&lt;/array&gt;&lt;array_denormalized&gt;false&lt;/array_denormalized&gt;&lt;attributes/&gt;&lt;audit&gt;false&lt;/audit&gt;&lt;calculation&gt;&lt;![CDATA[(function calculatedFieldValue(current) {

	// Add your code here
	return '';  // return the calculated value

})(current);]]&gt;&lt;/calculation&gt;&lt;choice/&gt;&lt;choice_field/&gt;&lt;choice_table/&gt;&lt;column_label&gt;Script&lt;/column_label&gt;&lt;comments/&gt;&lt;create_roles/&gt;&lt;default_value/&gt;&lt;defaultsort/&gt;&lt;delete_roles/&gt;&lt;dependent/&gt;&lt;dependent_on_field/&gt;&lt;display&gt;false&lt;/display&gt;&lt;dynamic_creation&gt;false&lt;/dynamic_creation&gt;&lt;dynamic_creation_script/&gt;&lt;dynamic_default_value/&gt;&lt;dynamic_ref_qual/&gt;&lt;element&gt;script&lt;/element&gt;&lt;element_reference&gt;false&lt;/element_reference&gt;&lt;foreign_database/&gt;&lt;function_definition/&gt;&lt;function_field&gt;false&lt;/function_field&gt;&lt;internal_type display_value="Script"&gt;script&lt;/internal_type&gt;&lt;mandatory&gt;false&lt;/mandatory&gt;&lt;max_length&gt;8000&lt;/max_length&gt;&lt;name&gt;x_149971_test_scriptevaluator&lt;/name&gt;&lt;next_element/&gt;&lt;primary&gt;false&lt;/primary&gt;&lt;read_only&gt;false&lt;/read_only&gt;&lt;read_roles/&gt;&lt;reference/&gt;&lt;reference_cascade_rule/&gt;&lt;reference_floats&gt;false&lt;/reference_floats&gt;&lt;reference_key/&gt;&lt;reference_qual/&gt;&lt;reference_qual_condition/&gt;&lt;reference_type/&gt;&lt;sizeclass/&gt;&lt;spell_check&gt;false&lt;/spell_check&gt;&lt;staged&gt;false&lt;/staged&gt;&lt;sys_class_name&gt;sys_dictionary&lt;/sys_class_name&gt;&lt;sys_created_by&gt;admin&lt;/sys_created_by&gt;&lt;sys_created_on&gt;2018-10-25 19:14:38&lt;/sys_created_on&gt;&lt;sys_id&gt;0681bdfadb912300236c2a9a48961945&lt;/sys_id&gt;&lt;sys_mod_count&gt;0&lt;/sys_mod_count&gt;&lt;sys_name&gt;Script&lt;/sys_name&gt;&lt;sys_package display_value="test" source="x_149971_test"&gt;d1f26e6fdb012300236c2a9a489619ae&lt;/sys_package&gt;&lt;sys_policy/&gt;&lt;sys_scope display_value="test"&gt;d1f26e6fdb012300236c2a9a489619ae&lt;/sys_scope&gt;&lt;sys_update_name&gt;sys_dictionary_x_149971_test_scriptevaluator_script&lt;/sys_update_name&gt;&lt;sys_updated_by&gt;admin&lt;/sys_updated_by&gt;&lt;sys_updated_on&gt;2018-10-25 19:14:38&lt;/sys_updated_on&gt;&lt;table_reference&gt;false&lt;/table_reference&gt;&lt;text_index&gt;false&lt;/text_index&gt;&lt;unique&gt;false&lt;/unique&gt;&lt;use_dependent_field&gt;false&lt;/use_dependent_field&gt;&lt;use_dynamic_default&gt;false&lt;/use_dynamic_default&gt;&lt;use_reference_qualifier&gt;simple&lt;/use_reference_qualifier&gt;&lt;virtual&gt;false&lt;/virtual&gt;&lt;widget/&gt;&lt;write_roles/&gt;&lt;xml_view&gt;false&lt;/xml_view&gt;&lt;/sys_dictionary&gt;&lt;/record_update&gt;</payload>
<payload_hash>687854925</payload_hash>
<remote_update_set display_value="Custom test update set">5dfdc997db312300236c2a9a489619b6</remote_update_set>
<replace_on_upgrade>false</replace_on_upgrade>
<sys_created_by>admin</sys_created_by>
<sys_created_on>2018-11-21 02:26:53</sys_created_on>
<sys_id>ddfdc997db312300236c2a9a489619b7</sys_id>
<sys_mod_count>0</sys_mod_count>
<sys_recorded_at>166aca666440000001</sys_recorded_at>
<sys_updated_by>admin</sys_updated_by>
<sys_updated_on>2018-11-21 02:26:53</sys_updated_on>
<table>x_149971_test_scriptevaluator</table>
<target_name>x_149971_test_scriptevaluator.script</target_name>
<type>Dictionary</type>
<update_domain>global</update_domain>
<update_guid>04b1313eb191230025c641e2e7dd76af</update_guid>
<update_guid_history>04b1313eb191230025c641e2e7dd76af:687854925</update_guid_history>
<update_set display_value=""/>
<view/>
</sys_update_xml>
<sys_update_xml action="INSERT_OR_UPDATE">
<action>INSERT_OR_UPDATE</action>
<application display_value="test">d1f26e6fdb012300236c2a9a489619ae</application>
<category>customer</category>
<comments/>
<name>sys_security_acl_80b1313edb912300236c2a9a489619d0</name>
<payload><![CDATA[<?xml version="1.0" encoding="UTF-8"?><record_update table="sys_security_acl"><sys_security_acl action="INSERT_OR_UPDATE"><active>true</active><admin_overrides>true</admin_overrides><advanced>false</advanced><condition/><description>Default access control on x_149971_test_scriptevaluator</description><name>x_149971_test_scriptevaluator</name><operation display_value="delete">delete</operation><script/><sys_class_name>sys_security_acl</sys_class_name><sys_created_by>admin</sys_created_by><sys_created_on>2018-10-25 19:14:38</sys_created_on><sys_id>80b1313edb912300236c2a9a489619d0</sys_id><sys_mod_count>0</sys_mod_count><sys_name>x_149971_test_scriptevaluator</sys_name><sys_package display_value="test" source="x_149971_test">d1f26e6fdb012300236c2a9a489619ae</sys_package><sys_policy/><sys_scope display_value="test">d1f26e6fdb012300236c2a9a489619ae</sys_scope><sys_update_name>sys_security_acl_80b1313edb912300236c2a9a489619d0</sys_update_name><sys_updated_by>admin</sys_updated_by><sys_updated_on>2018-10-25 19:14:38</sys_updated_on><type display_value="record">record</type></sys_security_acl></record_update>]]></payload>
<payload_hash>1538742370</payload_hash>
<remote_update_set display_value="Custom test update set">5dfdc997db312300236c2a9a489619b6</remote_update_set>
<replace_on_upgrade>false</replace_on_upgrade>
<sys_created_by>admin</sys_created_by>
<sys_created_on>2018-11-21 02:26:53</sys_created_on>
<sys_id>ddfdc997db312300236c2a9a489619ba</sys_id>
<sys_mod_count>0</sys_mod_count>
<sys_recorded_at>166aca667c40000001</sys_recorded_at>
<sys_updated_by>admin</sys_updated_by>
<sys_updated_on>2018-11-21 02:26:53</sys_updated_on>
<table>x_149971_test_scriptevaluator</table>
<target_name>x_149971_test_scriptevaluator</target_name>
<type>Access Control</type>
<update_domain>global</update_domain>
<update_guid>8cb1313e579123009e613e4e37d098d1</update_guid>
<update_guid_history>8cb1313e579123009e613e4e37d098d1:1538742370</update_guid_history>
<update_set display_value=""/>
<view/>
</sys_update_xml>
</unload>
